{"op_code":0,"worker_id":"10ffb618-5873-401f-909e-d19b71fbeffe-8371493056","study_name":"tm_esn_rulkov","directions":[1]}
{"op_code":4,"worker_id":"10ffb618-5873-401f-909e-d19b71fbeffe-8371493056","study_id":0,"datetime_start":"2026-05-04T20:33:26.748789"}
{"op_code":5,"worker_id":"10ffb618-5873-401f-909e-d19b71fbeffe-8371493056","trial_id":0,"param_name":"units","param_value_internal":1,"distribution":"{\"name\": \"CategoricalDistribution\", \"attributes\": {\"choices\": [500, 1000, 1500]}}"}
{"op_code":5,"worker_id":"10ffb618-5873-401f-909e-d19b71fbeffe-8371493056","trial_id":0,"param_name":"connectivity","param_value_internal":1,"distribution":"{\"name\": \"CategoricalDistribution\", \"attributes\": {\"choices\": [0.05, 0.1]}}"}
{"op_code":5,"worker_id":"10ffb618-5873-401f-909e-d19b71fbeffe-8371493056","trial_id":0,"param_name":"sr","param_value_internal":0.8,"distribution":"{\"name\": \"FloatDistribution\", \"attributes\": {\"step\": 0.05, \"low\": 0.8, \"high\": 1.1, \"log\": false}}"}
{"op_code":5,"worker_id":"10ffb618-5873-401f-909e-d19b71fbeffe-8371493056","trial_id":0,"param_name":"lr","param_value_internal":0.15000000000000002,"distribution":"{\"name\": \"FloatDistribution\", \"attributes\": {\"step\": 0.05, \"low\": 0.1, \"high\": 0.95, \"log\": false}}"}
{"op_code":5,"worker_id":"10ffb618-5873-401f-909e-d19b71fbeffe-8371493056","trial_id":0,"param_name":"input_scaling","param_value_internal":1.2,"distribution":"{\"name\": \"FloatDistribution\", \"attributes\": {\"step\": 0.1, \"low\": 0.3, \"high\": 1.2, \"log\": false}}"}
{"op_code":5,"worker_id":"10ffb618-5873-401f-909e-d19b71fbeffe-8371493056","trial_id":0,"param_name":"tau","param_value_internal":1,"distribution":"{\"name\": \"CategoricalDistribution\", \"attributes\": {\"choices\": [2, 4, 8, 16, 32]}}"}
{"op_code":5,"worker_id":"10ffb618-5873-401f-909e-d19b71fbeffe-8371493056","trial_id":0,"param_name":"L","param_value_internal":0,"distribution":"{\"name\": \"CategoricalDistribution\", \"attributes\": {\"choices\": [1, 2, 4]}}"}
{"op_code":5,"worker_id":"10ffb618-5873-401f-909e-d19b71fbeffe-8371493056","trial_id":0,"param_name":"noise_sigma","param_value_internal":1,"distribution":"{\"name\": \"CategoricalDistribution\", \"attributes\": {\"choices\": [0.0, 0.005]}}"}
{"op_code":8,"worker_id":"10ffb618-5873-401f-909e-d19b71fbeffe-8371493056","trial_id":0,"user_attr":{"best_ridge":1e-06}}
{"op_code":8,"worker_id":"10ffb618-5873-401f-909e-d19b71fbeffe-8371493056","trial_id":0,"user_attr":{"best_nrmse_short":0.006649249020918573}}
{"op_code":8,"worker_id":"10ffb618-5873-401f-909e-d19b71fbeffe-8371493056","trial_id":0,"user_attr":{"best_spike_pen":0.044029385573026936}}
{"op_code":8,"worker_id":"10ffb618-5873-401f-909e-d19b71fbeffe-8371493056","trial_id":0,"user_attr":{"all_ridge_scores":{"1e-09":[0.046431705032499604,0.00895441139459058,0.07495458727581805],"1e-08":[0.044275960252968274,0.004346520219970485,0.07985888006599558],"1e-06":[0.02866394180743204,0.006649249020918573,0.044029385573026936],"0.0001":[0.10863777736050617,0.014108101805331584,0.18905935111034916]}}}
{"op_code":6,"worker_id":"10ffb618-5873-401f-909e-d19b71fbeffe-8371493056","trial_id":0,"state":1,"values":[0.02866394180743204],"datetime_complete":"2026-05-04T20:33:31.523571"}
{"op_code":4,"worker_id":"10ffb618-5873-401f-909e-d19b71fbeffe-8371493056","study_id":0,"datetime_start":"2026-05-04T20:33:31.526483"}
{"op_code":5,"worker_id":"10ffb618-5873-401f-909e-d19b71fbeffe-8371493056","trial_id":1,"param_name":"units","param_value_internal":1,"distribution":"{\"name\": \"CategoricalDistribution\", \"attributes\": {\"choices\": [500, 1000, 1500]}}"}
{"op_code":5,"worker_id":"10ffb618-5873-401f-909e-d19b71fbeffe-8371493056","trial_id":1,"param_name":"connectivity","param_value_internal":1,"distribution":"{\"name\": \"CategoricalDistribution\", \"attributes\": {\"choices\": [0.05, 0.1]}}"}
{"op_code":5,"worker_id":"10ffb618-5873-401f-909e-d19b71fbeffe-8371493056","trial_id":1,"param_name":"sr","param_value_internal":0.8500000000000001,"distribution":"{\"name\": \"FloatDistribution\", \"attributes\": {\"step\": 0.05, \"low\": 0.8, \"high\": 1.1, \"log\": false}}"}
{"op_code":5,"worker_id":"10ffb618-5873-401f-909e-d19b71fbeffe-8371493056","trial_id":1,"param_name":"lr","param_value_internal":0.4,"distribution":"{\"name\": \"FloatDistribution\", \"attributes\": {\"step\": 0.05, \"low\": 0.1, \"high\": 0.95, \"log\": false}}"}
{"op_code":5,"worker_id":"10ffb618-5873-401f-909e-d19b71fbeffe-8371493056","trial_id":1,"param_name":"input_scaling","param_value_internal":0.7,"distribution":"{\"name\": \"FloatDistribution\", \"attributes\": {\"step\": 0.1, \"low\": 0.3, \"high\": 1.2, \"log\": false}}"}
{"op_code":5,"worker_id":"10ffb618-5873-401f-909e-d19b71fbeffe-8371493056","trial_id":1,"param_name":"tau","param_value_internal":0,"distribution":"{\"name\": \"CategoricalDistribution\", \"attributes\": {\"choices\": [2, 4, 8, 16, 32]}}"}
{"op_code":5,"worker_id":"10ffb618-5873-401f-909e-d19b71fbeffe-8371493056","trial_id":1,"param_name":"L","param_value_internal":1,"distribution":"{\"name\": \"CategoricalDistribution\", \"attributes\": {\"choices\": [1, 2, 4]}}"}
{"op_code":5,"worker_id":"10ffb618-5873-401f-909e-d19b71fbeffe-8371493056","trial_id":1,"param_name":"noise_sigma","param_value_internal":1,"distribution":"{\"name\": \"CategoricalDistribution\", \"attributes\": {\"choices\": [0.0, 0.005]}}"}
{"op_code":8,"worker_id":"10ffb618-5873-401f-909e-d19b71fbeffe-8371493056","trial_id":1,"user_attr":{"best_ridge":1e-09}}
{"op_code":8,"worker_id":"10ffb618-5873-401f-909e-d19b71fbeffe-8371493056","trial_id":1,"user_attr":{"best_nrmse_short":0.01677134061702529}}
{"op_code":8,"worker_id":"10ffb618-5873-401f-909e-d19b71fbeffe-8371493056","trial_id":1,"user_attr":{"best_spike_pen":0.004796172263493055}}
{"op_code":8,"worker_id":"10ffb618-5873-401f-909e-d19b71fbeffe-8371493056","trial_id":1,"user_attr":{"all_ridge_scores":{"1e-09":[0.019169426748771822,0.01677134061702529,0.004796172263493055],"1e-08":[0.0241255399635473,0.005777666439377641,0.03669574704833932],"1e-06":[0.029632684894301566,0.026058394828323284,0.007148580131956565],"0.0001":[0.388891010337565,0.07793165961509903,0.621918701444932]}}}
{"op_code":6,"worker_id":"10ffb618-5873-401f-909e-d19b71fbeffe-8371493056","trial_id":1,"state":1,"values":[0.019169426748771822],"datetime_complete":"2026-05-04T20:33:39.355074"}
{"op_code":4,"worker_id":"10ffb618-5873-401f-909e-d19b71fbeffe-8371493056","study_id":0,"datetime_start":"2026-05-04T20:33:39.357933"}
{"op_code":5,"worker_id":"10ffb618-5873-401f-909e-d19b71fbeffe-8371493056","trial_id":2,"param_name":"units","param_value_internal":1,"distribution":"{\"name\": \"CategoricalDistribution\", \"attributes\": {\"choices\": [500, 1000, 1500]}}"}
{"op_code":5,"worker_id":"10ffb618-5873-401f-909e-d19b71fbeffe-8371493056","trial_id":2,"param_name":"connectivity","param_value_internal":0,"distribution":"{\"name\": \"CategoricalDistribution\", \"attributes\": {\"choices\": [0.05, 0.1]}}"}
{"op_code":5,"worker_id":"10ffb618-5873-401f-909e-d19b71fbeffe-8371493056","trial_id":2,"param_name":"sr","param_value_internal":1.05,"distribution":"{\"name\": \"FloatDistribution\", \"attributes\": {\"step\": 0.05, \"low\": 0.8, \"high\": 1.1, \"log\": false}}"}
{"op_code":5,"worker_id":"10ffb618-5873-401f-909e-d19b71fbeffe-8371493056","trial_id":2,"param_name":"lr","param_value_internal":0.5,"distribution":"{\"name\": \"FloatDistribution\", \"attributes\": {\"step\": 0.05, \"low\": 0.1, \"high\": 0.95, \"log\": false}}"}
{"op_code":5,"worker_id":"10ffb618-5873-401f-909e-d19b71fbeffe-8371493056","trial_id":2,"param_name":"input_scaling","param_value_internal":0.6000000000000001,"distribution":"{\"name\": \"FloatDistribution\", \"attributes\": {\"step\": 0.1, \"low\": 0.3, \"high\": 1.2, \"log\": false}}"}
{"op_code":5,"worker_id":"10ffb618-5873-401f-909e-d19b71fbeffe-8371493056","trial_id":2,"param_name":"tau","param_value_internal":3,"distribution":"{\"name\": \"CategoricalDistribution\", \"attributes\": {\"choices\": [2, 4, 8, 16, 32]}}"}
{"op_code":5,"worker_id":"10ffb618-5873-401f-909e-d19b71fbeffe-8371493056","trial_id":2,"param_name":"L","param_value_internal":2,"distribution":"{\"name\": \"CategoricalDistribution\", \"attributes\": {\"choices\": [1, 2, 4]}}"}
{"op_code":5,"worker_id":"10ffb618-5873-401f-909e-d19b71fbeffe-8371493056","trial_id":2,"param_name":"noise_sigma","param_value_internal":0,"distribution":"{\"name\": \"CategoricalDistribution\", \"attributes\": {\"choices\": [0.0, 0.005]}}"}
{"op_code":8,"worker_id":"10ffb618-5873-401f-909e-d19b71fbeffe-8371493056","trial_id":2,"user_attr":{"best_ridge":0.0001}}
{"op_code":8,"worker_id":"10ffb618-5873-401f-909e-d19b71fbeffe-8371493056","trial_id":2,"user_attr":{"best_nrmse_short":0.1340690235183849}}
{"op_code":8,"worker_id":"10ffb618-5873-401f-909e-d19b71fbeffe-8371493056","trial_id":2,"user_attr":{"best_spike_pen":0.9622645669514975}}
{"op_code":8,"worker_id":"10ffb618-5873-401f-909e-d19b71fbeffe-8371493056","trial_id":2,"user_attr":{"all_ridge_scores":{"1e-09":[48069.346360044154,48067.79452712179,3.103665844725708],"1e-08":[4099.499343590276,4098.9818464905175,1.0349941995180403],"1e-06":[4390.393449460238,4389.757928530935,1.2710418586061178],"0.0001":[0.6152013069941337,0.1340690235183849,0.9622645669514975]}}}
{"op_code":6,"worker_id":"10ffb618-5873-401f-909e-d19b71fbeffe-8371493056","trial_id":2,"state":1,"values":[0.6152013069941337],"datetime_complete":"2026-05-04T20:34:02.384699"}
{"op_code":4,"worker_id":"10ffb618-5873-401f-909e-d19b71fbeffe-8371493056","study_id":0,"datetime_start":"2026-05-04T20:34:02.387521"}
{"op_code":5,"worker_id":"10ffb618-5873-401f-909e-d19b71fbeffe-8371493056","trial_id":3,"param_name":"units","param_value_internal":2,"distribution":"{\"name\": \"CategoricalDistribution\", \"attributes\": {\"choices\": [500, 1000, 1500]}}"}
{"op_code":5,"worker_id":"10ffb618-5873-401f-909e-d19b71fbeffe-8371493056","trial_id":3,"param_name":"connectivity","param_value_internal":0,"distribution":"{\"name\": \"CategoricalDistribution\", \"attributes\": {\"choices\": [0.05, 0.1]}}"}
{"op_code":5,"worker_id":"10ffb618-5873-401f-909e-d19b71fbeffe-8371493056","trial_id":3,"param_name":"sr","param_value_internal":0.8500000000000001,"distribution":"{\"name\": \"FloatDistribution\", \"attributes\": {\"step\": 0.05, \"low\": 0.8, \"high\": 1.1, \"log\": false}}"}
{"op_code":5,"worker_id":"10ffb618-5873-401f-909e-d19b71fbeffe-8371493056","trial_id":3,"param_name":"lr","param_value_internal":0.85,"distribution":"{\"name\": \"FloatDistribution\", \"attributes\": {\"step\": 0.05, \"low\": 0.1, \"high\": 0.95, \"log\": false}}"}
{"op_code":5,"worker_id":"10ffb618-5873-401f-909e-d19b71fbeffe-8371493056","trial_id":3,"param_name":"input_scaling","param_value_internal":0.6000000000000001,"distribution":"{\"name\": \"FloatDistribution\", \"attributes\": {\"step\": 0.1, \"low\": 0.3, \"high\": 1.2, \"log\": false}}"}
{"op_code":5,"worker_id":"10ffb618-5873-401f-909e-d19b71fbeffe-8371493056","trial_id":3,"param_name":"tau","param_value_internal":3,"distribution":"{\"name\": \"CategoricalDistribution\", \"attributes\": {\"choices\": [2, 4, 8, 16, 32]}}"}
{"op_code":5,"worker_id":"10ffb618-5873-401f-909e-d19b71fbeffe-8371493056","trial_id":3,"param_name":"L","param_value_internal":0,"distribution":"{\"name\": \"CategoricalDistribution\", \"attributes\": {\"choices\": [1, 2, 4]}}"}
{"op_code":5,"worker_id":"10ffb618-5873-401f-909e-d19b71fbeffe-8371493056","trial_id":3,"param_name":"noise_sigma","param_value_internal":1,"distribution":"{\"name\": \"CategoricalDistribution\", \"attributes\": {\"choices\": [0.0, 0.005]}}"}
{"op_code":8,"worker_id":"10ffb618-5873-401f-909e-d19b71fbeffe-8371493056","trial_id":3,"user_attr":{"best_ridge":1e-09}}
{"op_code":8,"worker_id":"10ffb618-5873-401f-909e-d19b71fbeffe-8371493056","trial_id":3,"user_attr":{"best_nrmse_short":0.03152966741214237}}
{"op_code":8,"worker_id":"10ffb618-5873-401f-909e-d19b71fbeffe-8371493056","trial_id":3,"user_attr":{"best_spike_pen":0.026816172058108156}}
{"op_code":8,"worker_id":"10ffb618-5873-401f-909e-d19b71fbeffe-8371493056","trial_id":3,"user_attr":{"all_ridge_scores":{"1e-09":[0.04493775344119645,0.03152966741214237,0.026816172058108156],"1e-08":[0.08783949505646921,0.056872439095778035,0.06193411192138233],"1e-06":[0.17888571809338072,0.15039392987836742,0.05698357643002657],"0.0001":[0.5548202925680121,0.25611021237734627,0.5974201603813317]}}}
{"op_code":6,"worker_id":"10ffb618-5873-401f-909e-d19b71fbeffe-8371493056","trial_id":3,"state":1,"values":[0.04493775344119645],"datetime_complete":"2026-05-04T20:34:11.580213"}
{"op_code":4,"worker_id":"10ffb618-5873-401f-909e-d19b71fbeffe-8371493056","study_id":0,"datetime_start":"2026-05-04T20:34:11.581671"}
{"op_code":5,"worker_id":"10ffb618-5873-401f-909e-d19b71fbeffe-8371493056","trial_id":4,"param_name":"units","param_value_internal":1,"distribution":"{\"name\": \"CategoricalDistribution\", \"attributes\": {\"choices\": [500, 1000, 1500]}}"}
{"op_code":5,"worker_id":"10ffb618-5873-401f-909e-d19b71fbeffe-8371493056","trial_id":4,"param_name":"connectivity","param_value_internal":1,"distribution":"{\"name\": \"CategoricalDistribution\", \"attributes\": {\"choices\": [0.05, 0.1]}}"}
{"op_code":5,"worker_id":"10ffb618-5873-401f-909e-d19b71fbeffe-8371493056","trial_id":4,"param_name":"sr","param_value_internal":0.9500000000000001,"distribution":"{\"name\": \"FloatDistribution\", \"attributes\": {\"step\": 0.05, \"low\": 0.8, \"high\": 1.1, \"log\": false}}"}
{"op_code":5,"worker_id":"10ffb618-5873-401f-909e-d19b71fbeffe-8371493056","trial_id":4,"param_name":"lr","param_value_internal":0.15000000000000002,"distribution":"{\"name\": \"FloatDistribution\", \"attributes\": {\"step\": 0.05, \"low\": 0.1, \"high\": 0.95, \"log\": false}}"}
{"op_code":5,"worker_id":"10ffb618-5873-401f-909e-d19b71fbeffe-8371493056","trial_id":4,"param_name":"input_scaling","param_value_internal":1.0,"distribution":"{\"name\": \"FloatDistribution\", \"attributes\": {\"step\": 0.1, \"low\": 0.3, \"high\": 1.2, \"log\": false}}"}
{"op_code":5,"worker_id":"10ffb618-5873-401f-909e-d19b71fbeffe-8371493056","trial_id":4,"param_name":"tau","param_value_internal":4,"distribution":"{\"name\": \"CategoricalDistribution\", \"attributes\": {\"choices\": [2, 4, 8, 16, 32]}}"}
{"op_code":5,"worker_id":"10ffb618-5873-401f-909e-d19b71fbeffe-8371493056","trial_id":4,"param_name":"L","param_value_internal":1,"distribution":"{\"name\": \"CategoricalDistribution\", \"attributes\": {\"choices\": [1, 2, 4]}}"}
{"op_code":5,"worker_id":"10ffb618-5873-401f-909e-d19b71fbeffe-8371493056","trial_id":4,"param_name":"noise_sigma","param_value_internal":0,"distribution":"{\"name\": \"CategoricalDistribution\", \"attributes\": {\"choices\": [0.0, 0.005]}}"}
{"op_code":8,"worker_id":"10ffb618-5873-401f-909e-d19b71fbeffe-8371493056","trial_id":4,"user_attr":{"best_ridge":1e-09}}
{"op_code":8,"worker_id":"10ffb618-5873-401f-909e-d19b71fbeffe-8371493056","trial_id":4,"user_attr":{"best_nrmse_short":0.005901259057311826}}
{"op_code":8,"worker_id":"10ffb618-5873-401f-909e-d19b71fbeffe-8371493056","trial_id":4,"user_attr":{"best_spike_pen":0.04899020418010186}}
{"op_code":8,"worker_id":"10ffb618-5873-401f-909e-d19b71fbeffe-8371493056","trial_id":4,"user_attr":{"all_ridge_scores":{"1e-09":[0.030396361147362758,0.005901259057311826,0.04899020418010186],"1e-08":[0.03242809922612189,0.005037548598240314,0.05478110125576315],"1e-06":[0.04684549517055956,0.005711265965643545,0.08226845840983203],"0.0001":[0.04989597606872341,0.02045021715462756,0.05889151782819171]}}}
{"op_code":6,"worker_id":"10ffb618-5873-401f-909e-d19b71fbeffe-8371493056","trial_id":4,"state":1,"values":[0.030396361147362758],"datetime_complete":"2026-05-04T20:34:19.140628"}
{"op_code":4,"worker_id":"10ffb618-5873-401f-909e-d19b71fbeffe-8371493056","study_id":0,"datetime_start":"2026-05-04T20:34:19.143271"}
{"op_code":5,"worker_id":"10ffb618-5873-401f-909e-d19b71fbeffe-8371493056","trial_id":5,"param_name":"units","param_value_internal":2,"distribution":"{\"name\": \"CategoricalDistribution\", \"attributes\": {\"choices\": [500, 1000, 1500]}}"}
{"op_code":5,"worker_id":"10ffb618-5873-401f-909e-d19b71fbeffe-8371493056","trial_id":5,"param_name":"connectivity","param_value_internal":0,"distribution":"{\"name\": \"CategoricalDistribution\", \"attributes\": {\"choices\": [0.05, 0.1]}}"}
{"op_code":5,"worker_id":"10ffb618-5873-401f-909e-d19b71fbeffe-8371493056","trial_id":5,"param_name":"sr","param_value_internal":1.0,"distribution":"{\"name\": \"FloatDistribution\", \"attributes\": {\"step\": 0.05, \"low\": 0.8, \"high\": 1.1, \"log\": false}}"}
{"op_code":5,"worker_id":"10ffb618-5873-401f-909e-d19b71fbeffe-8371493056","trial_id":5,"param_name":"lr","param_value_internal":0.85,"distribution":"{\"name\": \"FloatDistribution\", \"attributes\": {\"step\": 0.05, \"low\": 0.1, \"high\": 0.95, \"log\": false}}"}
{"op_code":5,"worker_id":"10ffb618-5873-401f-909e-d19b71fbeffe-8371493056","trial_id":5,"param_name":"input_scaling","param_value_internal":1.0,"distribution":"{\"name\": \"FloatDistribution\", \"attributes\": {\"step\": 0.1, \"low\": 0.3, \"high\": 1.2, \"log\": false}}"}
{"op_code":5,"worker_id":"10ffb618-5873-401f-909e-d19b71fbeffe-8371493056","trial_id":5,"param_name":"tau","param_value_internal":0,"distribution":"{\"name\": \"CategoricalDistribution\", \"attributes\": {\"choices\": [2, 4, 8, 16, 32]}}"}
{"op_code":5,"worker_id":"10ffb618-5873-401f-909e-d19b71fbeffe-8371493056","trial_id":5,"param_name":"L","param_value_internal":0,"distribution":"{\"name\": \"CategoricalDistribution\", \"attributes\": {\"choices\": [1, 2, 4]}}"}
{"op_code":5,"worker_id":"10ffb618-5873-401f-909e-d19b71fbeffe-8371493056","trial_id":5,"param_name":"noise_sigma","param_value_internal":0,"distribution":"{\"name\": \"CategoricalDistribution\", \"attributes\": {\"choices\": [0.0, 0.005]}}"}
{"op_code":8,"worker_id":"10ffb618-5873-401f-909e-d19b71fbeffe-8371493056","trial_id":5,"user_attr":{"best_ridge":1e-06}}
{"op_code":8,"worker_id":"10ffb618-5873-401f-909e-d19b71fbeffe-8371493056","trial_id":5,"user_attr":{"best_nrmse_short":12.615986643690775}}
{"op_code":8,"worker_id":"10ffb618-5873-401f-909e-d19b71fbeffe-8371493056","trial_id":5,"user_attr":{"best_spike_pen":3.184093593175246}}
{"op_code":8,"worker_id":"10ffb618-5873-401f-909e-d19b71fbeffe-8371493056","trial_id":5,"user_attr":{"all_ridge_scores":{"1e-09":[3014.319681514796,3012.3568177248276,3.9257275799367033],"1e-08":[2259.1424930677067,2256.471325941724,5.342334251964811],"1e-06":[14.208033440278399,12.615986643690775,3.184093593175246],"0.0001":[173.21891680205337,172.88160412362282,0.6746253568611118]}}}
{"op_code":6,"worker_id":"10ffb618-5873-401f-909e-d19b71fbeffe-8371493056","trial_id":5,"state":1,"values":[14.208033440278399],"datetime_complete":"2026-05-04T20:34:27.181045"}
{"op_code":4,"worker_id":"10ffb618-5873-401f-909e-d19b71fbeffe-8371493056","study_id":0,"datetime_start":"2026-05-04T20:34:27.183674"}
{"op_code":5,"worker_id":"10ffb618-5873-401f-909e-d19b71fbeffe-8371493056","trial_id":6,"param_name":"units","param_value_internal":0,"distribution":"{\"name\": \"CategoricalDistribution\", \"attributes\": {\"choices\": [500, 1000, 1500]}}"}
{"op_code":5,"worker_id":"10ffb618-5873-401f-909e-d19b71fbeffe-8371493056","trial_id":6,"param_name":"connectivity","param_value_internal":0,"distribution":"{\"name\": \"CategoricalDistribution\", \"attributes\": {\"choices\": [0.05, 0.1]}}"}
{"op_code":5,"worker_id":"10ffb618-5873-401f-909e-d19b71fbeffe-8371493056","trial_id":6,"param_name":"sr","param_value_internal":0.9,"distribution":"{\"name\": \"FloatDistribution\", \"attributes\": {\"step\": 0.05, \"low\": 0.8, \"high\": 1.1, \"log\": false}}"}
{"op_code":5,"worker_id":"10ffb618-5873-401f-909e-d19b71fbeffe-8371493056","trial_id":6,"param_name":"lr","param_value_internal":0.25,"distribution":"{\"name\": \"FloatDistribution\", \"attributes\": {\"step\": 0.05, \"low\": 0.1, \"high\": 0.95, \"log\": false}}"}
{"op_code":5,"worker_id":"10ffb618-5873-401f-909e-d19b71fbeffe-8371493056","trial_id":6,"param_name":"input_scaling","param_value_internal":0.6000000000000001,"distribution":"{\"name\": \"FloatDistribution\", \"attributes\": {\"step\": 0.1, \"low\": 0.3, \"high\": 1.2, \"log\": false}}"}
{"op_code":5,"worker_id":"10ffb618-5873-401f-909e-d19b71fbeffe-8371493056","trial_id":6,"param_name":"tau","param_value_internal":0,"distribution":"{\"name\": \"CategoricalDistribution\", \"attributes\": {\"choices\": [2, 4, 8, 16, 32]}}"}
{"op_code":5,"worker_id":"10ffb618-5873-401f-909e-d19b71fbeffe-8371493056","trial_id":6,"param_name":"L","param_value_internal":1,"distribution":"{\"name\": \"CategoricalDistribution\", \"attributes\": {\"choices\": [1, 2, 4]}}"}
{"op_code":5,"worker_id":"10ffb618-5873-401f-909e-d19b71fbeffe-8371493056","trial_id":6,"param_name":"noise_sigma","param_value_internal":0,"distribution":"{\"name\": \"CategoricalDistribution\", \"attributes\": {\"choices\": [0.0, 0.005]}}"}
{"op_code":8,"worker_id":"10ffb618-5873-401f-909e-d19b71fbeffe-8371493056","trial_id":6,"user_attr":{"best_ridge":1e-06}}
{"op_code":8,"worker_id":"10ffb618-5873-401f-909e-d19b71fbeffe-8371493056","trial_id":6,"user_attr":{"best_nrmse_short":1772.233758989545}}
{"op_code":8,"worker_id":"10ffb618-5873-401f-909e-d19b71fbeffe-8371493056","trial_id":6,"user_attr":{"best_spike_pen":1.268361792752948}}
{"op_code":8,"worker_id":"10ffb618-5873-401f-909e-d19b71fbeffe-8371493056","trial_id":6,"user_attr":{"all_ridge_scores":{"1e-09":[4182.267922585292,4181.269906157016,1.9960328565508412],"1e-08":[7369.647342572664,7369.011148695445,1.2723877544389737],"1e-06":[1772.8679398859217,1772.233758989545,1.268361792752948],"0.0001":[2556.0569458528958,2553.3857787269135,5.342334251964811]}}}
{"op_code":6,"worker_id":"10ffb618-5873-401f-909e-d19b71fbeffe-8371493056","trial_id":6,"state":1,"values":[1772.8679398859217],"datetime_complete":"2026-05-04T20:34:28.804087"}
{"op_code":4,"worker_id":"10ffb618-5873-401f-909e-d19b71fbeffe-8371493056","study_id":0,"datetime_start":"2026-05-04T20:34:28.806883"}
{"op_code":5,"worker_id":"10ffb618-5873-401f-909e-d19b71fbeffe-8371493056","trial_id":7,"param_name":"units","param_value_internal":1,"distribution":"{\"name\": \"CategoricalDistribution\", \"attributes\": {\"choices\": [500, 1000, 1500]}}"}
{"op_code":5,"worker_id":"10ffb618-5873-401f-909e-d19b71fbeffe-8371493056","trial_id":7,"param_name":"connectivity","param_value_internal":0,"distribution":"{\"name\": \"CategoricalDistribution\", \"attributes\": {\"choices\": [0.05, 0.1]}}"}
{"op_code":5,"worker_id":"10ffb618-5873-401f-909e-d19b71fbeffe-8371493056","trial_id":7,"param_name":"sr","param_value_internal":0.9500000000000001,"distribution":"{\"name\": \"FloatDistribution\", \"attributes\": {\"step\": 0.05, \"low\": 0.8, \"high\": 1.1, \"log\": false}}"}
{"op_code":5,"worker_id":"10ffb618-5873-401f-909e-d19b71fbeffe-8371493056","trial_id":7,"param_name":"lr","param_value_internal":0.4,"distribution":"{\"name\": \"FloatDistribution\", \"attributes\": {\"step\": 0.05, \"low\": 0.1, \"high\": 0.95, \"log\": false}}"}
{"op_code":5,"worker_id":"10ffb618-5873-401f-909e-d19b71fbeffe-8371493056","trial_id":7,"param_name":"input_scaling","param_value_internal":0.3,"distribution":"{\"name\": \"FloatDistribution\", \"attributes\": {\"step\": 0.1, \"low\": 0.3, \"high\": 1.2, \"log\": false}}"}
{"op_code":5,"worker_id":"10ffb618-5873-401f-909e-d19b71fbeffe-8371493056","trial_id":7,"param_name":"tau","param_value_internal":2,"distribution":"{\"name\": \"CategoricalDistribution\", \"attributes\": {\"choices\": [2, 4, 8, 16, 32]}}"}
{"op_code":5,"worker_id":"10ffb618-5873-401f-909e-d19b71fbeffe-8371493056","trial_id":7,"param_name":"L","param_value_internal":1,"distribution":"{\"name\": \"CategoricalDistribution\", \"attributes\": {\"choices\": [1, 2, 4]}}"}
{"op_code":5,"worker_id":"10ffb618-5873-401f-909e-d19b71fbeffe-8371493056","trial_id":7,"param_name":"noise_sigma","param_value_internal":1,"distribution":"{\"name\": \"CategoricalDistribution\", \"attributes\": {\"choices\": [0.0, 0.005]}}"}
{"op_code":8,"worker_id":"10ffb618-5873-401f-909e-d19b71fbeffe-8371493056","trial_id":7,"user_attr":{"best_ridge":1e-06}}
{"op_code":8,"worker_id":"10ffb618-5873-401f-909e-d19b71fbeffe-8371493056","trial_id":7,"user_attr":{"best_nrmse_short":0.07607880384246121}}
{"op_code":8,"worker_id":"10ffb618-5873-401f-909e-d19b71fbeffe-8371493056","trial_id":7,"user_attr":{"best_spike_pen":0.7375963248979291}}
{"op_code":8,"worker_id":"10ffb618-5873-401f-909e-d19b71fbeffe-8371493056","trial_id":7,"user_attr":{"all_ridge_scores":{"1e-09":[0.74855235511523,0.1740108291370663,1.1490830519563273],"1e-08":[0.7339613637989914,0.15830879498633407,1.1513051376253145],"1e-06":[0.4448769662914258,0.07607880384246121,0.7375963248979291],"0.0001":[20.13614661016317,19.615142750534226,1.0420077192578865]}}}
{"op_code":6,"worker_id":"10ffb618-5873-401f-909e-d19b71fbeffe-8371493056","trial_id":7,"state":1,"values":[0.4448769662914258],"datetime_complete":"2026-05-04T20:34:35.572785"}
{"op_code":4,"worker_id":"10ffb618-5873-401f-909e-d19b71fbeffe-8371493056","study_id":0,"datetime_start":"2026-05-04T20:34:35.574807"}
{"op_code":5,"worker_id":"10ffb618-5873-401f-909e-d19b71fbeffe-8371493056","trial_id":8,"param_name":"units","param_value_internal":0,"distribution":"{\"name\": \"CategoricalDistribution\", \"attributes\": {\"choices\": [500, 1000, 1500]}}"}
{"op_code":5,"worker_id":"10ffb618-5873-401f-909e-d19b71fbeffe-8371493056","trial_id":8,"param_name":"connectivity","param_value_internal":0,"distribution":"{\"name\": \"CategoricalDistribution\", \"attributes\": {\"choices\": [0.05, 0.1]}}"}
{"op_code":5,"worker_id":"10ffb618-5873-401f-909e-d19b71fbeffe-8371493056","trial_id":8,"param_name":"sr","param_value_internal":1.0,"distribution":"{\"name\": \"FloatDistribution\", \"attributes\": {\"step\": 0.05, \"low\": 0.8, \"high\": 1.1, \"log\": false}}"}
{"op_code":5,"worker_id":"10ffb618-5873-401f-909e-d19b71fbeffe-8371493056","trial_id":8,"param_name":"lr","param_value_internal":0.2,"distribution":"{\"name\": \"FloatDistribution\", \"attributes\": {\"step\": 0.05, \"low\": 0.1, \"high\": 0.95, \"log\": false}}"}
{"op_code":5,"worker_id":"10ffb618-5873-401f-909e-d19b71fbeffe-8371493056","trial_id":8,"param_name":"input_scaling","param_value_internal":0.9000000000000001,"distribution":"{\"name\": \"FloatDistribution\", \"attributes\": {\"step\": 0.1, \"low\": 0.3, \"high\": 1.2, \"log\": false}}"}
{"op_code":5,"worker_id":"10ffb618-5873-401f-909e-d19b71fbeffe-8371493056","trial_id":8,"param_name":"tau","param_value_internal":3,"distribution":"{\"name\": \"CategoricalDistribution\", \"attributes\": {\"choices\": [2, 4, 8, 16, 32]}}"}
{"op_code":5,"worker_id":"10ffb618-5873-401f-909e-d19b71fbeffe-8371493056","trial_id":8,"param_name":"L","param_value_internal":0,"distribution":"{\"name\": \"CategoricalDistribution\", \"attributes\": {\"choices\": [1, 2, 4]}}"}
{"op_code":5,"worker_id":"10ffb618-5873-401f-909e-d19b71fbeffe-8371493056","trial_id":8,"param_name":"noise_sigma","param_value_internal":0,"distribution":"{\"name\": \"CategoricalDistribution\", \"attributes\": {\"choices\": [0.0, 0.005]}}"}
{"op_code":8,"worker_id":"10ffb618-5873-401f-909e-d19b71fbeffe-8371493056","trial_id":8,"user_attr":{"best_ridge":1e-06}}
{"op_code":8,"worker_id":"10ffb618-5873-401f-909e-d19b71fbeffe-8371493056","trial_id":8,"user_attr":{"best_nrmse_short":0.0060986178739673245}}
{"op_code":8,"worker_id":"10ffb618-5873-401f-909e-d19b71fbeffe-8371493056","trial_id":8,"user_attr":{"best_spike_pen":0.04438630263614797}}
{"op_code":8,"worker_id":"10ffb618-5873-401f-909e-d19b71fbeffe-8371493056","trial_id":8,"user_attr":{"all_ridge_scores":{"1e-09":[0.43005096510995927,0.037093286781289814,0.7859153566573388],"1e-08":[0.6586180839411425,0.3230594911096775,0.67111718566293],"1e-06":[0.02829176919204131,0.0060986178739673245,0.04438630263614797],"0.0001":[0.13153635141986722,0.04534769318899067,0.17237731646175308]}}}
{"op_code":6,"worker_id":"10ffb618-5873-401f-909e-d19b71fbeffe-8371493056","trial_id":8,"state":1,"values":[0.02829176919204131],"datetime_complete":"2026-05-04T20:34:36.678499"}
{"op_code":4,"worker_id":"10ffb618-5873-401f-909e-d19b71fbeffe-8371493056","study_id":0,"datetime_start":"2026-05-04T20:34:36.681209"}
{"op_code":5,"worker_id":"10ffb618-5873-401f-909e-d19b71fbeffe-8371493056","trial_id":9,"param_name":"units","param_value_internal":1,"distribution":"{\"name\": \"CategoricalDistribution\", \"attributes\": {\"choices\": [500, 1000, 1500]}}"}
{"op_code":5,"worker_id":"10ffb618-5873-401f-909e-d19b71fbeffe-8371493056","trial_id":9,"param_name":"connectivity","param_value_internal":0,"distribution":"{\"name\": \"CategoricalDistribution\", \"attributes\": {\"choices\": [0.05, 0.1]}}"}
{"op_code":5,"worker_id":"10ffb618-5873-401f-909e-d19b71fbeffe-8371493056","trial_id":9,"param_name":"sr","param_value_internal":0.9500000000000001,"distribution":"{\"name\": \"FloatDistribution\", \"attributes\": {\"step\": 0.05, \"low\": 0.8, \"high\": 1.1, \"log\": false}}"}
{"op_code":5,"worker_id":"10ffb618-5873-401f-909e-d19b71fbeffe-8371493056","trial_id":9,"param_name":"lr","param_value_internal":0.8,"distribution":"{\"name\": \"FloatDistribution\", \"attributes\": {\"step\": 0.05, \"low\": 0.1, \"high\": 0.95, \"log\": false}}"}
{"op_code":5,"worker_id":"10ffb618-5873-401f-909e-d19b71fbeffe-8371493056","trial_id":9,"param_name":"input_scaling","param_value_internal":1.1,"distribution":"{\"name\": \"FloatDistribution\", \"attributes\": {\"step\": 0.1, \"low\": 0.3, \"high\": 1.2, \"log\": false}}"}
{"op_code":5,"worker_id":"10ffb618-5873-401f-909e-d19b71fbeffe-8371493056","trial_id":9,"param_name":"tau","param_value_internal":2,"distribution":"{\"name\": \"CategoricalDistribution\", \"attributes\": {\"choices\": [2, 4, 8, 16, 32]}}"}
{"op_code":5,"worker_id":"10ffb618-5873-401f-909e-d19b71fbeffe-8371493056","trial_id":9,"param_name":"L","param_value_internal":0,"distribution":"{\"name\": \"CategoricalDistribution\", \"attributes\": {\"choices\": [1, 2, 4]}}"}
{"op_code":5,"worker_id":"10ffb618-5873-401f-909e-d19b71fbeffe-8371493056","trial_id":9,"param_name":"noise_sigma","param_value_internal":0,"distribution":"{\"name\": \"CategoricalDistribution\", \"attributes\": {\"choices\": [0.0, 0.005]}}"}
{"op_code":8,"worker_id":"10ffb618-5873-401f-909e-d19b71fbeffe-8371493056","trial_id":9,"user_attr":{"best_ridge":0.0001}}
{"op_code":8,"worker_id":"10ffb618-5873-401f-909e-d19b71fbeffe-8371493056","trial_id":9,"user_attr":{"best_nrmse_short":0.04677327533292447}}
{"op_code":8,"worker_id":"10ffb618-5873-401f-909e-d19b71fbeffe-8371493056","trial_id":9,"user_attr":{"best_spike_pen":0.0932645087913239}}
{"op_code":8,"worker_id":"10ffb618-5873-401f-909e-d19b71fbeffe-8371493056","trial_id":9,"user_attr":{"all_ridge_scores":{"1e-09":[2093.3359431973813,2090.838062866539,4.995760661684838],"1e-08":[894.7363798636599,893.1668925494935,3.1389746283326843],"1e-06":[19.93444635456024,19.91900201463618,0.030888679848121575],"0.0001":[0.09340552972858643,0.04677327533292447,0.0932645087913239]}}}
{"op_code":6,"worker_id":"10ffb618-5873-401f-909e-d19b71fbeffe-8371493056","trial_id":9,"state":1,"values":[0.09340552972858643],"datetime_complete":"2026-05-04T20:34:40.001385"}
{"op_code":4,"worker_id":"10ffb618-5873-401f-909e-d19b71fbeffe-8371493056","study_id":0,"datetime_start":"2026-05-04T20:34:40.004140"}
{"op_code":5,"worker_id":"10ffb618-5873-401f-909e-d19b71fbeffe-8371493056","trial_id":10,"param_name":"units","param_value_internal":1,"distribution":"{\"name\": \"CategoricalDistribution\", \"attributes\": {\"choices\": [500, 1000, 1500]}}"}
{"op_code":5,"worker_id":"10ffb618-5873-401f-909e-d19b71fbeffe-8371493056","trial_id":10,"param_name":"connectivity","param_value_internal":1,"distribution":"{\"name\": \"CategoricalDistribution\", \"attributes\": {\"choices\": [0.05, 0.1]}}"}
{"op_code":5,"worker_id":"10ffb618-5873-401f-909e-d19b71fbeffe-8371493056","trial_id":10,"param_name":"sr","param_value_internal":1.05,"distribution":"{\"name\": \"FloatDistribution\", \"attributes\": {\"step\": 0.05, \"low\": 0.8, \"high\": 1.1, \"log\": false}}"}
{"op_code":5,"worker_id":"10ffb618-5873-401f-909e-d19b71fbeffe-8371493056","trial_id":10,"param_name":"lr","param_value_internal":0.55,"distribution":"{\"name\": \"FloatDistribution\", \"attributes\": {\"step\": 0.05, \"low\": 0.1, \"high\": 0.95, \"log\": false}}"}
{"op_code":5,"worker_id":"10ffb618-5873-401f-909e-d19b71fbeffe-8371493056","trial_id":10,"param_name":"input_scaling","param_value_internal":0.4,"distribution":"{\"name\": \"FloatDistribution\", \"attributes\": {\"step\": 0.1, \"low\": 0.3, \"high\": 1.2, \"log\": false}}"}
{"op_code":5,"worker_id":"10ffb618-5873-401f-909e-d19b71fbeffe-8371493056","trial_id":10,"param_name":"tau","param_value_internal":4,"distribution":"{\"name\": \"CategoricalDistribution\", \"attributes\": {\"choices\": [2, 4, 8, 16, 32]}}"}
{"op_code":5,"worker_id":"10ffb618-5873-401f-909e-d19b71fbeffe-8371493056","trial_id":10,"param_name":"L","param_value_internal":1,"distribution":"{\"name\": \"CategoricalDistribution\", \"attributes\": {\"choices\": [1, 2, 4]}}"}
{"op_code":5,"worker_id":"10ffb618-5873-401f-909e-d19b71fbeffe-8371493056","trial_id":10,"param_name":"noise_sigma","param_value_internal":0,"distribution":"{\"name\": \"CategoricalDistribution\", \"attributes\": {\"choices\": [0.0, 0.005]}}"}
{"op_code":0,"worker_id":"f714dbc4-d1ce-4584-b75f-b19d7bc5fde7-8371493056","study_name":"tm_esn_rulkov","directions":[1]}
{"op_code":4,"worker_id":"f714dbc4-d1ce-4584-b75f-b19d7bc5fde7-8371493056","study_id":0,"datetime_start":"2026-05-04T20:34:41.853629"}
{"op_code":5,"worker_id":"f714dbc4-d1ce-4584-b75f-b19d7bc5fde7-8371493056","trial_id":11,"param_name":"units","param_value_internal":0,"distribution":"{\"name\": \"CategoricalDistribution\", \"attributes\": {\"choices\": [500, 1000, 1500]}}"}
{"op_code":5,"worker_id":"f714dbc4-d1ce-4584-b75f-b19d7bc5fde7-8371493056","trial_id":11,"param_name":"connectivity","param_value_internal":0,"distribution":"{\"name\": \"CategoricalDistribution\", \"attributes\": {\"choices\": [0.05, 0.1]}}"}
{"op_code":5,"worker_id":"f714dbc4-d1ce-4584-b75f-b19d7bc5fde7-8371493056","trial_id":11,"param_name":"sr","param_value_internal":1.05,"distribution":"{\"name\": \"FloatDistribution\", \"attributes\": {\"step\": 0.05, \"low\": 0.8, \"high\": 1.1, \"log\": false}}"}
{"op_code":5,"worker_id":"f714dbc4-d1ce-4584-b75f-b19d7bc5fde7-8371493056","trial_id":11,"param_name":"lr","param_value_internal":0.8,"distribution":"{\"name\": \"FloatDistribution\", \"attributes\": {\"step\": 0.05, \"low\": 0.1, \"high\": 0.95, \"log\": false}}"}
{"op_code":5,"worker_id":"f714dbc4-d1ce-4584-b75f-b19d7bc5fde7-8371493056","trial_id":11,"param_name":"input_scaling","param_value_internal":0.8,"distribution":"{\"name\": \"FloatDistribution\", \"attributes\": {\"step\": 0.1, \"low\": 0.3, \"high\": 1.2, \"log\": false}}"}
{"op_code":5,"worker_id":"f714dbc4-d1ce-4584-b75f-b19d7bc5fde7-8371493056","trial_id":11,"param_name":"tau","param_value_internal":1,"distribution":"{\"name\": \"CategoricalDistribution\", \"attributes\": {\"choices\": [2, 4, 8, 16, 32]}}"}
{"op_code":5,"worker_id":"f714dbc4-d1ce-4584-b75f-b19d7bc5fde7-8371493056","trial_id":11,"param_name":"L","param_value_internal":1,"distribution":"{\"name\": \"CategoricalDistribution\", \"attributes\": {\"choices\": [1, 2, 4]}}"}
{"op_code":5,"worker_id":"f714dbc4-d1ce-4584-b75f-b19d7bc5fde7-8371493056","trial_id":11,"param_name":"noise_sigma","param_value_internal":1,"distribution":"{\"name\": \"CategoricalDistribution\", \"attributes\": {\"choices\": [0.0, 0.005]}}"}
{"op_code":8,"worker_id":"f714dbc4-d1ce-4584-b75f-b19d7bc5fde7-8371493056","trial_id":11,"user_attr":{"best_ridge":1e-08}}
{"op_code":8,"worker_id":"f714dbc4-d1ce-4584-b75f-b19d7bc5fde7-8371493056","trial_id":11,"user_attr":{"best_nrmse_short":0.026908182128845652}}
{"op_code":8,"worker_id":"f714dbc4-d1ce-4584-b75f-b19d7bc5fde7-8371493056","trial_id":11,"user_attr":{"best_spike_pen":0.004784725508075323}}
{"op_code":8,"worker_id":"f714dbc4-d1ce-4584-b75f-b19d7bc5fde7-8371493056","trial_id":11,"user_attr":{"all_ridge_scores":{"1e-09":[0.04764156115388091,0.02830826030308832,0.03866660170158518],"1e-08":[0.029300544882883313,0.026908182128845652,0.004784725508075323],"1e-06":[0.05545019807110027,0.03573555434302033,0.03942928745615988],"0.0001":[0.09285151798443163,0.06506529222772438,0.055572451513414514]}}}
{"op_code":6,"worker_id":"f714dbc4-d1ce-4584-b75f-b19d7bc5fde7-8371493056","trial_id":11,"state":1,"values":[0.029300544882883313],"datetime_complete":"2026-05-04T20:35:49.509465"}
{"op_code":4,"worker_id":"f714dbc4-d1ce-4584-b75f-b19d7bc5fde7-8371493056","study_id":0,"datetime_start":"2026-05-04T20:35:49.511704"}
{"op_code":5,"worker_id":"f714dbc4-d1ce-4584-b75f-b19d7bc5fde7-8371493056","trial_id":12,"param_name":"units","param_value_internal":2,"distribution":"{\"name\": \"CategoricalDistribution\", \"attributes\": {\"choices\": [500, 1000, 1500]}}"}
{"op_code":5,"worker_id":"f714dbc4-d1ce-4584-b75f-b19d7bc5fde7-8371493056","trial_id":12,"param_name":"connectivity","param_value_internal":1,"distribution":"{\"name\": \"CategoricalDistribution\", \"attributes\": {\"choices\": [0.05, 0.1]}}"}
{"op_code":5,"worker_id":"f714dbc4-d1ce-4584-b75f-b19d7bc5fde7-8371493056","trial_id":12,"param_name":"sr","param_value_internal":0.8500000000000001,"distribution":"{\"name\": \"FloatDistribution\", \"attributes\": {\"step\": 0.05, \"low\": 0.8, \"high\": 1.1, \"log\": false}}"}
{"op_code":5,"worker_id":"f714dbc4-d1ce-4584-b75f-b19d7bc5fde7-8371493056","trial_id":12,"param_name":"lr","param_value_internal":0.2,"distribution":"{\"name\": \"FloatDistribution\", \"attributes\": {\"step\": 0.05, \"low\": 0.1, \"high\": 0.95, \"log\": false}}"}
{"op_code":5,"worker_id":"f714dbc4-d1ce-4584-b75f-b19d7bc5fde7-8371493056","trial_id":12,"param_name":"input_scaling","param_value_internal":1.1,"distribution":"{\"name\": \"FloatDistribution\", \"attributes\": {\"step\": 0.1, \"low\": 0.3, \"high\": 1.2, \"log\": false}}"}
{"op_code":5,"worker_id":"f714dbc4-d1ce-4584-b75f-b19d7bc5fde7-8371493056","trial_id":12,"param_name":"tau","param_value_internal":2,"distribution":"{\"name\": \"CategoricalDistribution\", \"attributes\": {\"choices\": [2, 4, 8, 16, 32]}}"}
{"op_code":5,"worker_id":"f714dbc4-d1ce-4584-b75f-b19d7bc5fde7-8371493056","trial_id":12,"param_name":"L","param_value_internal":2,"distribution":"{\"name\": \"CategoricalDistribution\", \"attributes\": {\"choices\": [1, 2, 4]}}"}
{"op_code":5,"worker_id":"f714dbc4-d1ce-4584-b75f-b19d7bc5fde7-8371493056","trial_id":12,"param_name":"noise_sigma","param_value_internal":1,"distribution":"{\"name\": \"CategoricalDistribution\", \"attributes\": {\"choices\": [0.0, 0.005]}}"}
{"op_code":8,"worker_id":"10ffb618-5873-401f-909e-d19b71fbeffe-8371493056","trial_id":10,"user_attr":{"best_ridge":1e-06}}
{"op_code":8,"worker_id":"10ffb618-5873-401f-909e-d19b71fbeffe-8371493056","trial_id":10,"user_attr":{"best_nrmse_short":2955.6807888575254}}
{"op_code":8,"worker_id":"10ffb618-5873-401f-909e-d19b71fbeffe-8371493056","trial_id":10,"user_attr":{"best_spike_pen":1.2513666348269645}}
{"op_code":8,"worker_id":"10ffb618-5873-401f-909e-d19b71fbeffe-8371493056","trial_id":10,"user_attr":{"all_ridge_scores":{"1e-09":[77121.76262167215,77121.12508730916,1.2750687260096663],"1e-08":[56085.046224012374,56084.40868964937,1.2750687260096663],"1e-06":[2956.306472174939,2955.6807888575254,1.2513666348269645],"0.0001":[4230.530039778436,4229.8769976710855,1.3060842146994638]}}}
{"op_code":6,"worker_id":"10ffb618-5873-401f-909e-d19b71fbeffe-8371493056","trial_id":10,"state":1,"values":[2956.306472174939],"datetime_complete":"2026-05-04T20:37:04.402511"}
{"op_code":4,"worker_id":"10ffb618-5873-401f-909e-d19b71fbeffe-8371493056","study_id":0,"datetime_start":"2026-05-04T20:37:04.405650"}
{"op_code":5,"worker_id":"10ffb618-5873-401f-909e-d19b71fbeffe-8371493056","trial_id":13,"param_name":"units","param_value_internal":0,"distribution":"{\"name\": \"CategoricalDistribution\", \"attributes\": {\"choices\": [500, 1000, 1500]}}"}
{"op_code":5,"worker_id":"10ffb618-5873-401f-909e-d19b71fbeffe-8371493056","trial_id":13,"param_name":"connectivity","param_value_internal":1,"distribution":"{\"name\": \"CategoricalDistribution\", \"attributes\": {\"choices\": [0.05, 0.1]}}"}
{"op_code":5,"worker_id":"10ffb618-5873-401f-909e-d19b71fbeffe-8371493056","trial_id":13,"param_name":"sr","param_value_internal":1.05,"distribution":"{\"name\": \"FloatDistribution\", \"attributes\": {\"step\": 0.05, \"low\": 0.8, \"high\": 1.1, \"log\": false}}"}
{"op_code":5,"worker_id":"10ffb618-5873-401f-909e-d19b71fbeffe-8371493056","trial_id":13,"param_name":"lr","param_value_internal":0.45000000000000007,"distribution":"{\"name\": \"FloatDistribution\", \"attributes\": {\"step\": 0.05, \"low\": 0.1, \"high\": 0.95, \"log\": false}}"}
{"op_code":5,"worker_id":"10ffb618-5873-401f-909e-d19b71fbeffe-8371493056","trial_id":13,"param_name":"input_scaling","param_value_internal":0.9000000000000001,"distribution":"{\"name\": \"FloatDistribution\", \"attributes\": {\"step\": 0.1, \"low\": 0.3, \"high\": 1.2, \"log\": false}}"}
{"op_code":5,"worker_id":"10ffb618-5873-401f-909e-d19b71fbeffe-8371493056","trial_id":13,"param_name":"tau","param_value_internal":3,"distribution":"{\"name\": \"CategoricalDistribution\", \"attributes\": {\"choices\": [2, 4, 8, 16, 32]}}"}
{"op_code":5,"worker_id":"10ffb618-5873-401f-909e-d19b71fbeffe-8371493056","trial_id":13,"param_name":"L","param_value_internal":0,"distribution":"{\"name\": \"CategoricalDistribution\", \"attributes\": {\"choices\": [1, 2, 4]}}"}
{"op_code":5,"worker_id":"10ffb618-5873-401f-909e-d19b71fbeffe-8371493056","trial_id":13,"param_name":"noise_sigma","param_value_internal":0,"distribution":"{\"name\": \"CategoricalDistribution\", \"attributes\": {\"choices\": [0.0, 0.005]}}"}
{"op_code":8,"worker_id":"10ffb618-5873-401f-909e-d19b71fbeffe-8371493056","trial_id":13,"user_attr":{"best_ridge":1e-06}}
{"op_code":8,"worker_id":"10ffb618-5873-401f-909e-d19b71fbeffe-8371493056","trial_id":13,"user_attr":{"best_nrmse_short":0.021045473094456507}}
{"op_code":8,"worker_id":"10ffb618-5873-401f-909e-d19b71fbeffe-8371493056","trial_id":13,"user_attr":{"best_spike_pen":0.019371865811232847}}
{"op_code":8,"worker_id":"10ffb618-5873-401f-909e-d19b71fbeffe-8371493056","trial_id":13,"user_attr":{"all_ridge_scores":{"1e-09":[1599.3411125289865,1597.6529018111853,3.376421435602648],"1e-08":[185.50091128887678,185.10195678149148,0.7979090147705746],"1e-06":[0.030731406000072927,0.021045473094456507,0.019371865811232847],"0.0001":[0.10784915796138181,0.02429343298276868,0.16711144995722627]}}}
{"op_code":6,"worker_id":"10ffb618-5873-401f-909e-d19b71fbeffe-8371493056","trial_id":13,"state":1,"values":[0.030731406000072927],"datetime_complete":"2026-05-04T20:37:48.584328"}
{"op_code":4,"worker_id":"10ffb618-5873-401f-909e-d19b71fbeffe-8371493056","study_id":0,"datetime_start":"2026-05-04T20:37:48.588104"}
{"op_code":5,"worker_id":"10ffb618-5873-401f-909e-d19b71fbeffe-8371493056","trial_id":14,"param_name":"units","param_value_internal":2,"distribution":"{\"name\": \"CategoricalDistribution\", \"attributes\": {\"choices\": [500, 1000, 1500]}}"}
{"op_code":5,"worker_id":"10ffb618-5873-401f-909e-d19b71fbeffe-8371493056","trial_id":14,"param_name":"connectivity","param_value_internal":0,"distribution":"{\"name\": \"CategoricalDistribution\", \"attributes\": {\"choices\": [0.05, 0.1]}}"}
{"op_code":5,"worker_id":"10ffb618-5873-401f-909e-d19b71fbeffe-8371493056","trial_id":14,"param_name":"sr","param_value_internal":0.9500000000000001,"distribution":"{\"name\": \"FloatDistribution\", \"attributes\": {\"step\": 0.05, \"low\": 0.8, \"high\": 1.1, \"log\": false}}"}
{"op_code":5,"worker_id":"10ffb618-5873-401f-909e-d19b71fbeffe-8371493056","trial_id":14,"param_name":"lr","param_value_internal":0.8,"distribution":"{\"name\": \"FloatDistribution\", \"attributes\": {\"step\": 0.05, \"low\": 0.1, \"high\": 0.95, \"log\": false}}"}
{"op_code":5,"worker_id":"10ffb618-5873-401f-909e-d19b71fbeffe-8371493056","trial_id":14,"param_name":"input_scaling","param_value_internal":0.3,"distribution":"{\"name\": \"FloatDistribution\", \"attributes\": {\"step\": 0.1, \"low\": 0.3, \"high\": 1.2, \"log\": false}}"}
{"op_code":5,"worker_id":"10ffb618-5873-401f-909e-d19b71fbeffe-8371493056","trial_id":14,"param_name":"tau","param_value_internal":2,"distribution":"{\"name\": \"CategoricalDistribution\", \"attributes\": {\"choices\": [2, 4, 8, 16, 32]}}"}
{"op_code":5,"worker_id":"10ffb618-5873-401f-909e-d19b71fbeffe-8371493056","trial_id":14,"param_name":"L","param_value_internal":1,"distribution":"{\"name\": \"CategoricalDistribution\", \"attributes\": {\"choices\": [1, 2, 4]}}"}
{"op_code":5,"worker_id":"10ffb618-5873-401f-909e-d19b71fbeffe-8371493056","trial_id":14,"param_name":"noise_sigma","param_value_internal":0,"distribution":"{\"name\": \"CategoricalDistribution\", \"attributes\": {\"choices\": [0.0, 0.005]}}"}
{"op_code":8,"worker_id":"10ffb618-5873-401f-909e-d19b71fbeffe-8371493056","trial_id":14,"user_attr":{"best_ridge":1e-06}}
{"op_code":8,"worker_id":"10ffb618-5873-401f-909e-d19b71fbeffe-8371493056","trial_id":14,"user_attr":{"best_nrmse_short":4891.402274320333}}
{"op_code":8,"worker_id":"10ffb618-5873-401f-909e-d19b71fbeffe-8371493056","trial_id":14,"user_attr":{"best_spike_pen":2.72551922678285}}
{"op_code":8,"worker_id":"10ffb618-5873-401f-909e-d19b71fbeffe-8371493056","trial_id":14,"user_attr":{"all_ridge_scores":{"1e-09":[325412.9076303553,325412.27043044043,1.2743998295888361],"1e-08":[163953.3180766048,163952.6805422418,1.2750687260096663],"1e-06":[4892.765033933725,4891.402274320333,2.72551922678285],"0.0001":[13979.835010019804,13978.098260298393,3.473499442823127]}}}
{"op_code":6,"worker_id":"10ffb618-5873-401f-909e-d19b71fbeffe-8371493056","trial_id":14,"state":1,"values":[4892.765033933725],"datetime_complete":"2026-05-04T20:41:29.691631"}
{"op_code":4,"worker_id":"10ffb618-5873-401f-909e-d19b71fbeffe-8371493056","study_id":0,"datetime_start":"2026-05-04T20:41:29.694929"}
{"op_code":5,"worker_id":"10ffb618-5873-401f-909e-d19b71fbeffe-8371493056","trial_id":15,"param_name":"units","param_value_internal":2,"distribution":"{\"name\": \"CategoricalDistribution\", \"attributes\": {\"choices\": [500, 1000, 1500]}}"}
{"op_code":5,"worker_id":"10ffb618-5873-401f-909e-d19b71fbeffe-8371493056","trial_id":15,"param_name":"connectivity","param_value_internal":0,"distribution":"{\"name\": \"CategoricalDistribution\", \"attributes\": {\"choices\": [0.05, 0.1]}}"}
{"op_code":5,"worker_id":"10ffb618-5873-401f-909e-d19b71fbeffe-8371493056","trial_id":15,"param_name":"sr","param_value_internal":0.9500000000000001,"distribution":"{\"name\": \"FloatDistribution\", \"attributes\": {\"step\": 0.05, \"low\": 0.8, \"high\": 1.1, \"log\": false}}"}
{"op_code":5,"worker_id":"10ffb618-5873-401f-909e-d19b71fbeffe-8371493056","trial_id":15,"param_name":"lr","param_value_internal":0.85,"distribution":"{\"name\": \"FloatDistribution\", \"attributes\": {\"step\": 0.05, \"low\": 0.1, \"high\": 0.95, \"log\": false}}"}
{"op_code":5,"worker_id":"10ffb618-5873-401f-909e-d19b71fbeffe-8371493056","trial_id":15,"param_name":"input_scaling","param_value_internal":0.5,"distribution":"{\"name\": \"FloatDistribution\", \"attributes\": {\"step\": 0.1, \"low\": 0.3, \"high\": 1.2, \"log\": false}}"}
{"op_code":5,"worker_id":"10ffb618-5873-401f-909e-d19b71fbeffe-8371493056","trial_id":15,"param_name":"tau","param_value_internal":3,"distribution":"{\"name\": \"CategoricalDistribution\", \"attributes\": {\"choices\": [2, 4, 8, 16, 32]}}"}
{"op_code":5,"worker_id":"10ffb618-5873-401f-909e-d19b71fbeffe-8371493056","trial_id":15,"param_name":"L","param_value_internal":0,"distribution":"{\"name\": \"CategoricalDistribution\", \"attributes\": {\"choices\": [1, 2, 4]}}"}
{"op_code":5,"worker_id":"10ffb618-5873-401f-909e-d19b71fbeffe-8371493056","trial_id":15,"param_name":"noise_sigma","param_value_internal":0,"distribution":"{\"name\": \"CategoricalDistribution\", \"attributes\": {\"choices\": [0.0, 0.005]}}"}
{"op_code":8,"worker_id":"10ffb618-5873-401f-909e-d19b71fbeffe-8371493056","trial_id":15,"user_attr":{"best_ridge":0.0001}}
{"op_code":8,"worker_id":"10ffb618-5873-401f-909e-d19b71fbeffe-8371493056","trial_id":15,"user_attr":{"best_nrmse_short":525.0988669236748}}
{"op_code":8,"worker_id":"10ffb618-5873-401f-909e-d19b71fbeffe-8371493056","trial_id":15,"user_attr":{"best_spike_pen":5.342334251964811}}
{"op_code":8,"worker_id":"10ffb618-5873-401f-909e-d19b71fbeffe-8371493056","trial_id":15,"user_attr":{"all_ridge_scores":{"1e-09":[73694.09064180554,73691.41947467955,5.342334251964811],"1e-08":[7518.802155925225,7518.164287560834,1.2757367287810375],"1e-06":[16007.639648874803,16007.003118304452,1.273061140703478],"0.0001":[527.7700340496572,525.0988669236748,5.342334251964811]}}}
{"op_code":6,"worker_id":"10ffb618-5873-401f-909e-d19b71fbeffe-8371493056","trial_id":15,"state":1,"values":[527.7700340496572],"datetime_complete":"2026-05-04T20:44:08.176202"}
{"op_code":4,"worker_id":"10ffb618-5873-401f-909e-d19b71fbeffe-8371493056","study_id":0,"datetime_start":"2026-05-04T20:44:08.180661"}
{"op_code":5,"worker_id":"10ffb618-5873-401f-909e-d19b71fbeffe-8371493056","trial_id":16,"param_name":"units","param_value_internal":1,"distribution":"{\"name\": \"CategoricalDistribution\", \"attributes\": {\"choices\": [500, 1000, 1500]}}"}
{"op_code":5,"worker_id":"10ffb618-5873-401f-909e-d19b71fbeffe-8371493056","trial_id":16,"param_name":"connectivity","param_value_internal":1,"distribution":"{\"name\": \"CategoricalDistribution\", \"attributes\": {\"choices\": [0.05, 0.1]}}"}
{"op_code":5,"worker_id":"10ffb618-5873-401f-909e-d19b71fbeffe-8371493056","trial_id":16,"param_name":"sr","param_value_internal":0.9500000000000001,"distribution":"{\"name\": \"FloatDistribution\", \"attributes\": {\"step\": 0.05, \"low\": 0.8, \"high\": 1.1, \"log\": false}}"}
{"op_code":5,"worker_id":"10ffb618-5873-401f-909e-d19b71fbeffe-8371493056","trial_id":16,"param_name":"lr","param_value_internal":0.4,"distribution":"{\"name\": \"FloatDistribution\", \"attributes\": {\"step\": 0.05, \"low\": 0.1, \"high\": 0.95, \"log\": false}}"}
{"op_code":5,"worker_id":"10ffb618-5873-401f-909e-d19b71fbeffe-8371493056","trial_id":16,"param_name":"input_scaling","param_value_internal":0.6000000000000001,"distribution":"{\"name\": \"FloatDistribution\", \"attributes\": {\"step\": 0.1, \"low\": 0.3, \"high\": 1.2, \"log\": false}}"}
{"op_code":5,"worker_id":"10ffb618-5873-401f-909e-d19b71fbeffe-8371493056","trial_id":16,"param_name":"tau","param_value_internal":3,"distribution":"{\"name\": \"CategoricalDistribution\", \"attributes\": {\"choices\": [2, 4, 8, 16, 32]}}"}
{"op_code":5,"worker_id":"10ffb618-5873-401f-909e-d19b71fbeffe-8371493056","trial_id":16,"param_name":"L","param_value_internal":1,"distribution":"{\"name\": \"CategoricalDistribution\", \"attributes\": {\"choices\": [1, 2, 4]}}"}
{"op_code":5,"worker_id":"10ffb618-5873-401f-909e-d19b71fbeffe-8371493056","trial_id":16,"param_name":"noise_sigma","param_value_internal":1,"distribution":"{\"name\": \"CategoricalDistribution\", \"attributes\": {\"choices\": [0.0, 0.005]}}"}
{"op_code":8,"worker_id":"f714dbc4-d1ce-4584-b75f-b19d7bc5fde7-8371493056","trial_id":12,"user_attr":{"best_ridge":0.0001}}
{"op_code":8,"worker_id":"f714dbc4-d1ce-4584-b75f-b19d7bc5fde7-8371493056","trial_id":12,"user_attr":{"best_nrmse_short":0.009255402148984324}}
{"op_code":8,"worker_id":"f714dbc4-d1ce-4584-b75f-b19d7bc5fde7-8371493056","trial_id":12,"user_attr":{"best_spike_pen":0.02127789943502657}}
{"op_code":8,"worker_id":"f714dbc4-d1ce-4584-b75f-b19d7bc5fde7-8371493056","trial_id":12,"user_attr":{"all_ridge_scores":{"1e-09":[0.4264554051752886,0.022655232466574964,0.8076003454174274],"1e-08":[0.04748037635691457,0.009703701404537086,0.07555334990475497],"1e-06":[0.02757410071747341,0.0080037308697558,0.039140739695435224],"0.0001":[0.019894351866497607,0.009255402148984324,0.02127789943502657]}}}
{"op_code":6,"worker_id":"f714dbc4-d1ce-4584-b75f-b19d7bc5fde7-8371493056","trial_id":12,"state":1,"values":[0.019894351866497607],"datetime_complete":"2026-05-04T20:44:12.548609"}
{"op_code":4,"worker_id":"f714dbc4-d1ce-4584-b75f-b19d7bc5fde7-8371493056","study_id":0,"datetime_start":"2026-05-04T20:44:12.554881"}
{"op_code":5,"worker_id":"f714dbc4-d1ce-4584-b75f-b19d7bc5fde7-8371493056","trial_id":17,"param_name":"units","param_value_internal":0,"distribution":"{\"name\": \"CategoricalDistribution\", \"attributes\": {\"choices\": [500, 1000, 1500]}}"}
{"op_code":5,"worker_id":"f714dbc4-d1ce-4584-b75f-b19d7bc5fde7-8371493056","trial_id":17,"param_name":"connectivity","param_value_internal":0,"distribution":"{\"name\": \"CategoricalDistribution\", \"attributes\": {\"choices\": [0.05, 0.1]}}"}
{"op_code":5,"worker_id":"f714dbc4-d1ce-4584-b75f-b19d7bc5fde7-8371493056","trial_id":17,"param_name":"sr","param_value_internal":0.8500000000000001,"distribution":"{\"name\": \"FloatDistribution\", \"attributes\": {\"step\": 0.05, \"low\": 0.8, \"high\": 1.1, \"log\": false}}"}
{"op_code":5,"worker_id":"f714dbc4-d1ce-4584-b75f-b19d7bc5fde7-8371493056","trial_id":17,"param_name":"lr","param_value_internal":0.30000000000000004,"distribution":"{\"name\": \"FloatDistribution\", \"attributes\": {\"step\": 0.05, \"low\": 0.1, \"high\": 0.95, \"log\": false}}"}
{"op_code":5,"worker_id":"f714dbc4-d1ce-4584-b75f-b19d7bc5fde7-8371493056","trial_id":17,"param_name":"input_scaling","param_value_internal":0.7,"distribution":"{\"name\": \"FloatDistribution\", \"attributes\": {\"step\": 0.1, \"low\": 0.3, \"high\": 1.2, \"log\": false}}"}
{"op_code":5,"worker_id":"f714dbc4-d1ce-4584-b75f-b19d7bc5fde7-8371493056","trial_id":17,"param_name":"tau","param_value_internal":1,"distribution":"{\"name\": \"CategoricalDistribution\", \"attributes\": {\"choices\": [2, 4, 8, 16, 32]}}"}
{"op_code":5,"worker_id":"f714dbc4-d1ce-4584-b75f-b19d7bc5fde7-8371493056","trial_id":17,"param_name":"L","param_value_internal":1,"distribution":"{\"name\": \"CategoricalDistribution\", \"attributes\": {\"choices\": [1, 2, 4]}}"}
{"op_code":5,"worker_id":"f714dbc4-d1ce-4584-b75f-b19d7bc5fde7-8371493056","trial_id":17,"param_name":"noise_sigma","param_value_internal":1,"distribution":"{\"name\": \"CategoricalDistribution\", \"attributes\": {\"choices\": [0.0, 0.005]}}"}
{"op_code":8,"worker_id":"f714dbc4-d1ce-4584-b75f-b19d7bc5fde7-8371493056","trial_id":17,"user_attr":{"best_ridge":1e-08}}
{"op_code":8,"worker_id":"f714dbc4-d1ce-4584-b75f-b19d7bc5fde7-8371493056","trial_id":17,"user_attr":{"best_nrmse_short":0.020171685121775702}}
{"op_code":8,"worker_id":"f714dbc4-d1ce-4584-b75f-b19d7bc5fde7-8371493056","trial_id":17,"user_attr":{"best_spike_pen":0.021279807209398018}}
{"op_code":8,"worker_id":"f714dbc4-d1ce-4584-b75f-b19d7bc5fde7-8371493056","trial_id":17,"user_attr":{"all_ridge_scores":{"1e-09":[0.039522953554225214,0.01450208891497959,0.050041729278491244],"1e-08":[0.03081158872647471,0.020171685121775702,0.021279807209398018],"1e-06":[0.058149860027669156,0.032689232436540296,0.05092125518225773],"0.0001":[0.3415803107381734,0.14618941147606793,0.3907817985242109]}}}
{"op_code":6,"worker_id":"f714dbc4-d1ce-4584-b75f-b19d7bc5fde7-8371493056","trial_id":17,"state":1,"values":[0.03081158872647471],"datetime_complete":"2026-05-04T20:45:14.367301"}
{"op_code":4,"worker_id":"f714dbc4-d1ce-4584-b75f-b19d7bc5fde7-8371493056","study_id":0,"datetime_start":"2026-05-04T20:45:14.369477"}
{"op_code":5,"worker_id":"f714dbc4-d1ce-4584-b75f-b19d7bc5fde7-8371493056","trial_id":18,"param_name":"units","param_value_internal":0,"distribution":"{\"name\": \"CategoricalDistribution\", \"attributes\": {\"choices\": [500, 1000, 1500]}}"}
{"op_code":5,"worker_id":"f714dbc4-d1ce-4584-b75f-b19d7bc5fde7-8371493056","trial_id":18,"param_name":"connectivity","param_value_internal":0,"distribution":"{\"name\": \"CategoricalDistribution\", \"attributes\": {\"choices\": [0.05, 0.1]}}"}
{"op_code":5,"worker_id":"f714dbc4-d1ce-4584-b75f-b19d7bc5fde7-8371493056","trial_id":18,"param_name":"sr","param_value_internal":0.9500000000000001,"distribution":"{\"name\": \"FloatDistribution\", \"attributes\": {\"step\": 0.05, \"low\": 0.8, \"high\": 1.1, \"log\": false}}"}
{"op_code":5,"worker_id":"f714dbc4-d1ce-4584-b75f-b19d7bc5fde7-8371493056","trial_id":18,"param_name":"lr","param_value_internal":0.45000000000000007,"distribution":"{\"name\": \"FloatDistribution\", \"attributes\": {\"step\": 0.05, \"low\": 0.1, \"high\": 0.95, \"log\": false}}"}
{"op_code":5,"worker_id":"f714dbc4-d1ce-4584-b75f-b19d7bc5fde7-8371493056","trial_id":18,"param_name":"input_scaling","param_value_internal":0.5,"distribution":"{\"name\": \"FloatDistribution\", \"attributes\": {\"step\": 0.1, \"low\": 0.3, \"high\": 1.2, \"log\": false}}"}
{"op_code":5,"worker_id":"f714dbc4-d1ce-4584-b75f-b19d7bc5fde7-8371493056","trial_id":18,"param_name":"tau","param_value_internal":0,"distribution":"{\"name\": \"CategoricalDistribution\", \"attributes\": {\"choices\": [2, 4, 8, 16, 32]}}"}
{"op_code":5,"worker_id":"f714dbc4-d1ce-4584-b75f-b19d7bc5fde7-8371493056","trial_id":18,"param_name":"L","param_value_internal":1,"distribution":"{\"name\": \"CategoricalDistribution\", \"attributes\": {\"choices\": [1, 2, 4]}}"}
{"op_code":5,"worker_id":"f714dbc4-d1ce-4584-b75f-b19d7bc5fde7-8371493056","trial_id":18,"param_name":"noise_sigma","param_value_internal":0,"distribution":"{\"name\": \"CategoricalDistribution\", \"attributes\": {\"choices\": [0.0, 0.005]}}"}
{"op_code":8,"worker_id":"f714dbc4-d1ce-4584-b75f-b19d7bc5fde7-8371493056","trial_id":18,"user_attr":{"best_ridge":0.0001}}
{"op_code":8,"worker_id":"f714dbc4-d1ce-4584-b75f-b19d7bc5fde7-8371493056","trial_id":18,"user_attr":{"best_nrmse_short":1502.9771387902524}}
{"op_code":8,"worker_id":"f714dbc4-d1ce-4584-b75f-b19d7bc5fde7-8371493056","trial_id":18,"user_attr":{"best_spike_pen":3.594080471231571}}
{"op_code":8,"worker_id":"f714dbc4-d1ce-4584-b75f-b19d7bc5fde7-8371493056","trial_id":18,"user_attr":{"all_ridge_scores":{"1e-09":[14020.238162556141,14019.599960190364,1.2764047315524085],"1e-08":[23696.7830979086,23696.145563545593,1.2750687260096663],"1e-06":[4588.287683061586,4587.650817595002,1.2737309331680062],"0.0001":[1504.774179025868,1502.9771387902524,3.594080471231571]}}}
{"op_code":6,"worker_id":"f714dbc4-d1ce-4584-b75f-b19d7bc5fde7-8371493056","trial_id":18,"state":1,"values":[1504.774179025868],"datetime_complete":"2026-05-04T20:46:09.678020"}
{"op_code":4,"worker_id":"f714dbc4-d1ce-4584-b75f-b19d7bc5fde7-8371493056","study_id":0,"datetime_start":"2026-05-04T20:46:09.680156"}
{"op_code":5,"worker_id":"f714dbc4-d1ce-4584-b75f-b19d7bc5fde7-8371493056","trial_id":19,"param_name":"units","param_value_internal":2,"distribution":"{\"name\": \"CategoricalDistribution\", \"attributes\": {\"choices\": [500, 1000, 1500]}}"}
{"op_code":5,"worker_id":"f714dbc4-d1ce-4584-b75f-b19d7bc5fde7-8371493056","trial_id":19,"param_name":"connectivity","param_value_internal":0,"distribution":"{\"name\": \"CategoricalDistribution\", \"attributes\": {\"choices\": [0.05, 0.1]}}"}
{"op_code":5,"worker_id":"f714dbc4-d1ce-4584-b75f-b19d7bc5fde7-8371493056","trial_id":19,"param_name":"sr","param_value_internal":0.8500000000000001,"distribution":"{\"name\": \"FloatDistribution\", \"attributes\": {\"step\": 0.05, \"low\": 0.8, \"high\": 1.1, \"log\": false}}"}
{"op_code":5,"worker_id":"f714dbc4-d1ce-4584-b75f-b19d7bc5fde7-8371493056","trial_id":19,"param_name":"lr","param_value_internal":0.95,"distribution":"{\"name\": \"FloatDistribution\", \"attributes\": {\"step\": 0.05, \"low\": 0.1, \"high\": 0.95, \"log\": false}}"}
{"op_code":5,"worker_id":"f714dbc4-d1ce-4584-b75f-b19d7bc5fde7-8371493056","trial_id":19,"param_name":"input_scaling","param_value_internal":1.2,"distribution":"{\"name\": \"FloatDistribution\", \"attributes\": {\"step\": 0.1, \"low\": 0.3, \"high\": 1.2, \"log\": false}}"}
{"op_code":5,"worker_id":"f714dbc4-d1ce-4584-b75f-b19d7bc5fde7-8371493056","trial_id":19,"param_name":"tau","param_value_internal":0,"distribution":"{\"name\": \"CategoricalDistribution\", \"attributes\": {\"choices\": [2, 4, 8, 16, 32]}}"}
{"op_code":5,"worker_id":"f714dbc4-d1ce-4584-b75f-b19d7bc5fde7-8371493056","trial_id":19,"param_name":"L","param_value_internal":1,"distribution":"{\"name\": \"CategoricalDistribution\", \"attributes\": {\"choices\": [1, 2, 4]}}"}
{"op_code":5,"worker_id":"f714dbc4-d1ce-4584-b75f-b19d7bc5fde7-8371493056","trial_id":19,"param_name":"noise_sigma","param_value_internal":1,"distribution":"{\"name\": \"CategoricalDistribution\", \"attributes\": {\"choices\": [0.0, 0.005]}}"}
{"op_code":8,"worker_id":"10ffb618-5873-401f-909e-d19b71fbeffe-8371493056","trial_id":16,"user_attr":{"best_ridge":1e-08}}
{"op_code":8,"worker_id":"10ffb618-5873-401f-909e-d19b71fbeffe-8371493056","trial_id":16,"user_attr":{"best_nrmse_short":0.017797492578275516}}
{"op_code":8,"worker_id":"10ffb618-5873-401f-909e-d19b71fbeffe-8371493056","trial_id":16,"user_attr":{"best_spike_pen":0.03162180101316493}}
{"op_code":8,"worker_id":"10ffb618-5873-401f-909e-d19b71fbeffe-8371493056","trial_id":16,"user_attr":{"all_ridge_scores":{"1e-09":[0.1119469923756176,0.021329338241790372,0.18123530826765447],"1e-08":[0.03360839308485798,0.017797492578275516,0.03162180101316493],"1e-06":[0.03836364237272715,0.020960942810735836,0.03480539912398263],"0.0001":[0.4786727537242276,0.1336908895912389,0.6899637282659774]}}}
{"op_code":6,"worker_id":"10ffb618-5873-401f-909e-d19b71fbeffe-8371493056","trial_id":16,"state":1,"values":[0.03360839308485798],"datetime_complete":"2026-05-04T20:46:21.810363"}
{"op_code":4,"worker_id":"10ffb618-5873-401f-909e-d19b71fbeffe-8371493056","study_id":0,"datetime_start":"2026-05-04T20:46:21.813856"}
{"op_code":5,"worker_id":"10ffb618-5873-401f-909e-d19b71fbeffe-8371493056","trial_id":20,"param_name":"units","param_value_internal":2,"distribution":"{\"name\": \"CategoricalDistribution\", \"attributes\": {\"choices\": [500, 1000, 1500]}}"}
{"op_code":5,"worker_id":"10ffb618-5873-401f-909e-d19b71fbeffe-8371493056","trial_id":20,"param_name":"connectivity","param_value_internal":1,"distribution":"{\"name\": \"CategoricalDistribution\", \"attributes\": {\"choices\": [0.05, 0.1]}}"}
{"op_code":5,"worker_id":"10ffb618-5873-401f-909e-d19b71fbeffe-8371493056","trial_id":20,"param_name":"sr","param_value_internal":1.05,"distribution":"{\"name\": \"FloatDistribution\", \"attributes\": {\"step\": 0.05, \"low\": 0.8, \"high\": 1.1, \"log\": false}}"}
{"op_code":5,"worker_id":"10ffb618-5873-401f-909e-d19b71fbeffe-8371493056","trial_id":20,"param_name":"lr","param_value_internal":0.7000000000000001,"distribution":"{\"name\": \"FloatDistribution\", \"attributes\": {\"step\": 0.05, \"low\": 0.1, \"high\": 0.95, \"log\": false}}"}
{"op_code":5,"worker_id":"10ffb618-5873-401f-909e-d19b71fbeffe-8371493056","trial_id":20,"param_name":"input_scaling","param_value_internal":0.5,"distribution":"{\"name\": \"FloatDistribution\", \"attributes\": {\"step\": 0.1, \"low\": 0.3, \"high\": 1.2, \"log\": false}}"}
{"op_code":5,"worker_id":"10ffb618-5873-401f-909e-d19b71fbeffe-8371493056","trial_id":20,"param_name":"tau","param_value_internal":2,"distribution":"{\"name\": \"CategoricalDistribution\", \"attributes\": {\"choices\": [2, 4, 8, 16, 32]}}"}
{"op_code":5,"worker_id":"10ffb618-5873-401f-909e-d19b71fbeffe-8371493056","trial_id":20,"param_name":"L","param_value_internal":2,"distribution":"{\"name\": \"CategoricalDistribution\", \"attributes\": {\"choices\": [1, 2, 4]}}"}
{"op_code":5,"worker_id":"10ffb618-5873-401f-909e-d19b71fbeffe-8371493056","trial_id":20,"param_name":"noise_sigma","param_value_internal":0,"distribution":"{\"name\": \"CategoricalDistribution\", \"attributes\": {\"choices\": [0.0, 0.005]}}"}
{"op_code":8,"worker_id":"f714dbc4-d1ce-4584-b75f-b19d7bc5fde7-8371493056","trial_id":19,"user_attr":{"best_ridge":1e-08}}
{"op_code":8,"worker_id":"f714dbc4-d1ce-4584-b75f-b19d7bc5fde7-8371493056","trial_id":19,"user_attr":{"best_nrmse_short":0.022525619616312977}}
{"op_code":8,"worker_id":"f714dbc4-d1ce-4584-b75f-b19d7bc5fde7-8371493056","trial_id":19,"user_attr":{"best_spike_pen":0.016950775837840652}}
{"op_code":8,"worker_id":"f714dbc4-d1ce-4584-b75f-b19d7bc5fde7-8371493056","trial_id":19,"user_attr":{"all_ridge_scores":{"1e-09":[0.05170024494836575,0.018036797081172035,0.06732689573438744],"1e-08":[0.0310010075352333,0.022525619616312977,0.016950775837840652],"1e-06":[0.045875600922386066,0.014908544961694902,0.06193411192138233],"0.0001":[0.06045705552460571,0.030246782072189123,0.06042054690483318]}}}
{"op_code":6,"worker_id":"f714dbc4-d1ce-4584-b75f-b19d7bc5fde7-8371493056","trial_id":19,"state":1,"values":[0.0310010075352333],"datetime_complete":"2026-05-04T20:50:24.844983"}
{"op_code":4,"worker_id":"f714dbc4-d1ce-4584-b75f-b19d7bc5fde7-8371493056","study_id":0,"datetime_start":"2026-05-04T20:50:24.852590"}
{"op_code":5,"worker_id":"f714dbc4-d1ce-4584-b75f-b19d7bc5fde7-8371493056","trial_id":21,"param_name":"units","param_value_internal":2,"distribution":"{\"name\": \"CategoricalDistribution\", \"attributes\": {\"choices\": [500, 1000, 1500]}}"}
{"op_code":5,"worker_id":"f714dbc4-d1ce-4584-b75f-b19d7bc5fde7-8371493056","trial_id":21,"param_name":"connectivity","param_value_internal":0,"distribution":"{\"name\": \"CategoricalDistribution\", \"attributes\": {\"choices\": [0.05, 0.1]}}"}
{"op_code":5,"worker_id":"f714dbc4-d1ce-4584-b75f-b19d7bc5fde7-8371493056","trial_id":21,"param_name":"sr","param_value_internal":0.8,"distribution":"{\"name\": \"FloatDistribution\", \"attributes\": {\"step\": 0.05, \"low\": 0.8, \"high\": 1.1, \"log\": false}}"}
{"op_code":5,"worker_id":"f714dbc4-d1ce-4584-b75f-b19d7bc5fde7-8371493056","trial_id":21,"param_name":"lr","param_value_internal":0.30000000000000004,"distribution":"{\"name\": \"FloatDistribution\", \"attributes\": {\"step\": 0.05, \"low\": 0.1, \"high\": 0.95, \"log\": false}}"}
{"op_code":5,"worker_id":"f714dbc4-d1ce-4584-b75f-b19d7bc5fde7-8371493056","trial_id":21,"param_name":"input_scaling","param_value_internal":0.4,"distribution":"{\"name\": \"FloatDistribution\", \"attributes\": {\"step\": 0.1, \"low\": 0.3, \"high\": 1.2, \"log\": false}}"}
{"op_code":5,"worker_id":"f714dbc4-d1ce-4584-b75f-b19d7bc5fde7-8371493056","trial_id":21,"param_name":"tau","param_value_internal":0,"distribution":"{\"name\": \"CategoricalDistribution\", \"attributes\": {\"choices\": [2, 4, 8, 16, 32]}}"}
{"op_code":5,"worker_id":"f714dbc4-d1ce-4584-b75f-b19d7bc5fde7-8371493056","trial_id":21,"param_name":"L","param_value_internal":0,"distribution":"{\"name\": \"CategoricalDistribution\", \"attributes\": {\"choices\": [1, 2, 4]}}"}
{"op_code":5,"worker_id":"f714dbc4-d1ce-4584-b75f-b19d7bc5fde7-8371493056","trial_id":21,"param_name":"noise_sigma","param_value_internal":1,"distribution":"{\"name\": \"CategoricalDistribution\", \"attributes\": {\"choices\": [0.0, 0.005]}}"}
{"op_code":6,"worker_id":"f714dbc4-d1ce-4584-b75f-b19d7bc5fde7-8371493056","trial_id":21,"state":3,"values":null,"datetime_complete":"2026-05-04T20:52:04.821038"}
{"op_code":6,"worker_id":"10ffb618-5873-401f-909e-d19b71fbeffe-8371493056","trial_id":20,"state":3,"values":null,"datetime_complete":"2026-05-04T20:52:20.012194"}
{"op_code":0,"worker_id":"5551f59b-00a1-4024-a392-6aad34be5ec8-8371493056","study_name":"tm_esn_rulkov","directions":[1]}
{"op_code":4,"worker_id":"5551f59b-00a1-4024-a392-6aad34be5ec8-8371493056","study_id":0,"datetime_start":"2026-05-05T12:09:48.476924"}
{"op_code":5,"worker_id":"5551f59b-00a1-4024-a392-6aad34be5ec8-8371493056","trial_id":22,"param_name":"units","param_value_internal":0,"distribution":"{\"name\": \"CategoricalDistribution\", \"attributes\": {\"choices\": [500, 1000, 1500]}}"}
{"op_code":5,"worker_id":"5551f59b-00a1-4024-a392-6aad34be5ec8-8371493056","trial_id":22,"param_name":"connectivity","param_value_internal":1,"distribution":"{\"name\": \"CategoricalDistribution\", \"attributes\": {\"choices\": [0.05, 0.1]}}"}
{"op_code":5,"worker_id":"5551f59b-00a1-4024-a392-6aad34be5ec8-8371493056","trial_id":22,"param_name":"sr","param_value_internal":0.9,"distribution":"{\"name\": \"FloatDistribution\", \"attributes\": {\"step\": 0.05, \"low\": 0.8, \"high\": 1.1, \"log\": false}}"}
{"op_code":5,"worker_id":"5551f59b-00a1-4024-a392-6aad34be5ec8-8371493056","trial_id":22,"param_name":"lr","param_value_internal":0.95,"distribution":"{\"name\": \"FloatDistribution\", \"attributes\": {\"step\": 0.05, \"low\": 0.1, \"high\": 0.95, \"log\": false}}"}
{"op_code":5,"worker_id":"5551f59b-00a1-4024-a392-6aad34be5ec8-8371493056","trial_id":22,"param_name":"input_scaling","param_value_internal":0.9000000000000001,"distribution":"{\"name\": \"FloatDistribution\", \"attributes\": {\"step\": 0.1, \"low\": 0.3, \"high\": 1.2, \"log\": false}}"}
{"op_code":5,"worker_id":"5551f59b-00a1-4024-a392-6aad34be5ec8-8371493056","trial_id":22,"param_name":"tau","param_value_internal":0,"distribution":"{\"name\": \"CategoricalDistribution\", \"attributes\": {\"choices\": [2, 4, 8, 16, 32]}}"}
{"op_code":5,"worker_id":"5551f59b-00a1-4024-a392-6aad34be5ec8-8371493056","trial_id":22,"param_name":"L","param_value_internal":1,"distribution":"{\"name\": \"CategoricalDistribution\", \"attributes\": {\"choices\": [1, 2, 4]}}"}
{"op_code":5,"worker_id":"5551f59b-00a1-4024-a392-6aad34be5ec8-8371493056","trial_id":22,"param_name":"noise_sigma","param_value_internal":1,"distribution":"{\"name\": \"CategoricalDistribution\", \"attributes\": {\"choices\": [0.0, 0.005]}}"}
{"op_code":8,"worker_id":"5551f59b-00a1-4024-a392-6aad34be5ec8-8371493056","trial_id":22,"user_attr":{"best_ridge":1e-08}}
{"op_code":8,"worker_id":"5551f59b-00a1-4024-a392-6aad34be5ec8-8371493056","trial_id":22,"user_attr":{"best_nrmse_short":0.01431129778761595}}
{"op_code":8,"worker_id":"5551f59b-00a1-4024-a392-6aad34be5ec8-8371493056","trial_id":22,"user_attr":{"best_spike_pen":0.039140739695435224}}
{"op_code":8,"worker_id":"5551f59b-00a1-4024-a392-6aad34be5ec8-8371493056","trial_id":22,"user_attr":{"all_ridge_scores":{"1e-09":[0.04219349638838141,0.017653529605241986,0.04907993356627885],"1e-08":[0.03388166763533356,0.01431129778761595,0.039140739695435224],"1e-06":[0.04789732336176898,0.020863712726631067,0.05406722127027582],"0.0001":[0.16095799524890636,0.0974416298357074,0.12703273082639796]}}}
{"op_code":6,"worker_id":"5551f59b-00a1-4024-a392-6aad34be5ec8-8371493056","trial_id":22,"state":1,"values":[0.03388166763533356],"datetime_complete":"2026-05-05T12:09:51.082161"}
{"op_code":4,"worker_id":"5551f59b-00a1-4024-a392-6aad34be5ec8-8371493056","study_id":0,"datetime_start":"2026-05-05T12:09:51.085169"}
{"op_code":5,"worker_id":"5551f59b-00a1-4024-a392-6aad34be5ec8-8371493056","trial_id":23,"param_name":"units","param_value_internal":0,"distribution":"{\"name\": \"CategoricalDistribution\", \"attributes\": {\"choices\": [500, 1000, 1500]}}"}
{"op_code":5,"worker_id":"5551f59b-00a1-4024-a392-6aad34be5ec8-8371493056","trial_id":23,"param_name":"connectivity","param_value_internal":1,"distribution":"{\"name\": \"CategoricalDistribution\", \"attributes\": {\"choices\": [0.05, 0.1]}}"}
{"op_code":5,"worker_id":"5551f59b-00a1-4024-a392-6aad34be5ec8-8371493056","trial_id":23,"param_name":"sr","param_value_internal":1.1,"distribution":"{\"name\": \"FloatDistribution\", \"attributes\": {\"step\": 0.05, \"low\": 0.8, \"high\": 1.1, \"log\": false}}"}
{"op_code":5,"worker_id":"5551f59b-00a1-4024-a392-6aad34be5ec8-8371493056","trial_id":23,"param_name":"lr","param_value_internal":0.25,"distribution":"{\"name\": \"FloatDistribution\", \"attributes\": {\"step\": 0.05, \"low\": 0.1, \"high\": 0.95, \"log\": false}}"}
{"op_code":5,"worker_id":"5551f59b-00a1-4024-a392-6aad34be5ec8-8371493056","trial_id":23,"param_name":"input_scaling","param_value_internal":1.0,"distribution":"{\"name\": \"FloatDistribution\", \"attributes\": {\"step\": 0.1, \"low\": 0.3, \"high\": 1.2, \"log\": false}}"}
{"op_code":5,"worker_id":"5551f59b-00a1-4024-a392-6aad34be5ec8-8371493056","trial_id":23,"param_name":"tau","param_value_internal":2,"distribution":"{\"name\": \"CategoricalDistribution\", \"attributes\": {\"choices\": [2, 4, 8, 16, 32]}}"}
{"op_code":5,"worker_id":"5551f59b-00a1-4024-a392-6aad34be5ec8-8371493056","trial_id":23,"param_name":"L","param_value_internal":1,"distribution":"{\"name\": \"CategoricalDistribution\", \"attributes\": {\"choices\": [1, 2, 4]}}"}
{"op_code":5,"worker_id":"5551f59b-00a1-4024-a392-6aad34be5ec8-8371493056","trial_id":23,"param_name":"noise_sigma","param_value_internal":0,"distribution":"{\"name\": \"CategoricalDistribution\", \"attributes\": {\"choices\": [0.0, 0.005]}}"}
{"op_code":8,"worker_id":"5551f59b-00a1-4024-a392-6aad34be5ec8-8371493056","trial_id":23,"user_attr":{"best_ridge":1e-06}}
{"op_code":8,"worker_id":"5551f59b-00a1-4024-a392-6aad34be5ec8-8371493056","trial_id":23,"user_attr":{"best_nrmse_short":0.01327245835147798}}
{"op_code":8,"worker_id":"5551f59b-00a1-4024-a392-6aad34be5ec8-8371493056","trial_id":23,"user_attr":{"best_spike_pen":0.05918206032069143}}
{"op_code":8,"worker_id":"5551f59b-00a1-4024-a392-6aad34be5ec8-8371493056","trial_id":23,"user_attr":{"all_ridge_scores":{"1e-09":[2486.0489270349017,2483.927066053253,4.243721963296701],"1e-08":[0.2710300989470074,0.007353328731018417,0.5273535404319779],"1e-06":[0.0428634885118237,0.01327245835147798,0.05918206032069143],"0.0001":[0.050825600941191304,0.010767708627581094,0.08011578462722044]}}}
{"op_code":6,"worker_id":"5551f59b-00a1-4024-a392-6aad34be5ec8-8371493056","trial_id":23,"state":1,"values":[0.0428634885118237],"datetime_complete":"2026-05-05T12:09:52.966980"}
{"op_code":4,"worker_id":"5551f59b-00a1-4024-a392-6aad34be5ec8-8371493056","study_id":0,"datetime_start":"2026-05-05T12:09:52.970217"}
{"op_code":5,"worker_id":"5551f59b-00a1-4024-a392-6aad34be5ec8-8371493056","trial_id":24,"param_name":"units","param_value_internal":1,"distribution":"{\"name\": \"CategoricalDistribution\", \"attributes\": {\"choices\": [500, 1000, 1500]}}"}
{"op_code":5,"worker_id":"5551f59b-00a1-4024-a392-6aad34be5ec8-8371493056","trial_id":24,"param_name":"connectivity","param_value_internal":1,"distribution":"{\"name\": \"CategoricalDistribution\", \"attributes\": {\"choices\": [0.05, 0.1]}}"}
{"op_code":5,"worker_id":"5551f59b-00a1-4024-a392-6aad34be5ec8-8371493056","trial_id":24,"param_name":"sr","param_value_internal":1.05,"distribution":"{\"name\": \"FloatDistribution\", \"attributes\": {\"step\": 0.05, \"low\": 0.8, \"high\": 1.1, \"log\": false}}"}
{"op_code":5,"worker_id":"5551f59b-00a1-4024-a392-6aad34be5ec8-8371493056","trial_id":24,"param_name":"lr","param_value_internal":0.75,"distribution":"{\"name\": \"FloatDistribution\", \"attributes\": {\"step\": 0.05, \"low\": 0.1, \"high\": 0.95, \"log\": false}}"}
{"op_code":5,"worker_id":"5551f59b-00a1-4024-a392-6aad34be5ec8-8371493056","trial_id":24,"param_name":"input_scaling","param_value_internal":1.0,"distribution":"{\"name\": \"FloatDistribution\", \"attributes\": {\"step\": 0.1, \"low\": 0.3, \"high\": 1.2, \"log\": false}}"}
{"op_code":5,"worker_id":"5551f59b-00a1-4024-a392-6aad34be5ec8-8371493056","trial_id":24,"param_name":"tau","param_value_internal":4,"distribution":"{\"name\": \"CategoricalDistribution\", \"attributes\": {\"choices\": [2, 4, 8, 16, 32]}}"}
{"op_code":5,"worker_id":"5551f59b-00a1-4024-a392-6aad34be5ec8-8371493056","trial_id":24,"param_name":"L","param_value_internal":0,"distribution":"{\"name\": \"CategoricalDistribution\", \"attributes\": {\"choices\": [1, 2, 4]}}"}
{"op_code":5,"worker_id":"5551f59b-00a1-4024-a392-6aad34be5ec8-8371493056","trial_id":24,"param_name":"noise_sigma","param_value_internal":0,"distribution":"{\"name\": \"CategoricalDistribution\", \"attributes\": {\"choices\": [0.0, 0.005]}}"}
{"op_code":8,"worker_id":"5551f59b-00a1-4024-a392-6aad34be5ec8-8371493056","trial_id":24,"user_attr":{"best_ridge":0.0001}}
{"op_code":8,"worker_id":"5551f59b-00a1-4024-a392-6aad34be5ec8-8371493056","trial_id":24,"user_attr":{"best_nrmse_short":0.060562900876782705}}
{"op_code":8,"worker_id":"5551f59b-00a1-4024-a392-6aad34be5ec8-8371493056","trial_id":24,"user_attr":{"best_spike_pen":0.08036122249524646}}
{"op_code":8,"worker_id":"5551f59b-00a1-4024-a392-6aad34be5ec8-8371493056","trial_id":24,"user_attr":{"all_ridge_scores":{"1e-09":[2012.7730364861388,2011.8701867895213,1.8056993932349559],"1e-08":[585.9361480665311,585.4758847135947,0.9205267058728365],"1e-06":[0.1282557922337763,0.10373476556201376,0.04904205334352507],"0.0001":[0.10074351212440594,0.060562900876782705,0.08036122249524646]}}}
{"op_code":6,"worker_id":"5551f59b-00a1-4024-a392-6aad34be5ec8-8371493056","trial_id":24,"state":1,"values":[0.10074351212440594],"datetime_complete":"2026-05-05T12:09:58.400629"}
{"op_code":4,"worker_id":"5551f59b-00a1-4024-a392-6aad34be5ec8-8371493056","study_id":0,"datetime_start":"2026-05-05T12:09:58.405001"}
{"op_code":5,"worker_id":"5551f59b-00a1-4024-a392-6aad34be5ec8-8371493056","trial_id":25,"param_name":"units","param_value_internal":1,"distribution":"{\"name\": \"CategoricalDistribution\", \"attributes\": {\"choices\": [500, 1000, 1500]}}"}
{"op_code":5,"worker_id":"5551f59b-00a1-4024-a392-6aad34be5ec8-8371493056","trial_id":25,"param_name":"connectivity","param_value_internal":1,"distribution":"{\"name\": \"CategoricalDistribution\", \"attributes\": {\"choices\": [0.05, 0.1]}}"}
{"op_code":5,"worker_id":"5551f59b-00a1-4024-a392-6aad34be5ec8-8371493056","trial_id":25,"param_name":"sr","param_value_internal":0.9500000000000001,"distribution":"{\"name\": \"FloatDistribution\", \"attributes\": {\"step\": 0.05, \"low\": 0.8, \"high\": 1.1, \"log\": false}}"}
{"op_code":5,"worker_id":"5551f59b-00a1-4024-a392-6aad34be5ec8-8371493056","trial_id":25,"param_name":"lr","param_value_internal":0.85,"distribution":"{\"name\": \"FloatDistribution\", \"attributes\": {\"step\": 0.05, \"low\": 0.1, \"high\": 0.95, \"log\": false}}"}
{"op_code":5,"worker_id":"5551f59b-00a1-4024-a392-6aad34be5ec8-8371493056","trial_id":25,"param_name":"input_scaling","param_value_internal":0.5,"distribution":"{\"name\": \"FloatDistribution\", \"attributes\": {\"step\": 0.1, \"low\": 0.3, \"high\": 1.2, \"log\": false}}"}
{"op_code":5,"worker_id":"5551f59b-00a1-4024-a392-6aad34be5ec8-8371493056","trial_id":25,"param_name":"tau","param_value_internal":2,"distribution":"{\"name\": \"CategoricalDistribution\", \"attributes\": {\"choices\": [2, 4, 8, 16, 32]}}"}
{"op_code":5,"worker_id":"5551f59b-00a1-4024-a392-6aad34be5ec8-8371493056","trial_id":25,"param_name":"L","param_value_internal":1,"distribution":"{\"name\": \"CategoricalDistribution\", \"attributes\": {\"choices\": [1, 2, 4]}}"}
{"op_code":5,"worker_id":"5551f59b-00a1-4024-a392-6aad34be5ec8-8371493056","trial_id":25,"param_name":"noise_sigma","param_value_internal":0,"distribution":"{\"name\": \"CategoricalDistribution\", \"attributes\": {\"choices\": [0.0, 0.005]}}"}
{"op_code":8,"worker_id":"5551f59b-00a1-4024-a392-6aad34be5ec8-8371493056","trial_id":25,"user_attr":{"best_ridge":0.0001}}
{"op_code":8,"worker_id":"5551f59b-00a1-4024-a392-6aad34be5ec8-8371493056","trial_id":25,"user_attr":{"best_nrmse_short":508.52379935061754}}
{"op_code":8,"worker_id":"5551f59b-00a1-4024-a392-6aad34be5ec8-8371493056","trial_id":25,"user_attr":{"best_spike_pen":3.6944158189626464}}
{"op_code":8,"worker_id":"5551f59b-00a1-4024-a392-6aad34be5ec8-8371493056","trial_id":25,"user_attr":{"all_ridge_scores":{"1e-09":[24069.42057473698,24068.170934058766,2.499281356430993],"1e-08":[19664.246605237142,19663.608736872753,1.2757367287810375],"1e-06":[13638.75194199756,13638.114742082766,1.2743998295888361],"0.0001":[510.37100726009885,508.52379935061754,3.6944158189626464]}}}
{"op_code":6,"worker_id":"5551f59b-00a1-4024-a392-6aad34be5ec8-8371493056","trial_id":25,"state":1,"values":[510.37100726009885],"datetime_complete":"2026-05-05T12:10:08.290353"}
{"op_code":4,"worker_id":"5551f59b-00a1-4024-a392-6aad34be5ec8-8371493056","study_id":0,"datetime_start":"2026-05-05T12:10:08.292862"}
{"op_code":5,"worker_id":"5551f59b-00a1-4024-a392-6aad34be5ec8-8371493056","trial_id":26,"param_name":"units","param_value_internal":0,"distribution":"{\"name\": \"CategoricalDistribution\", \"attributes\": {\"choices\": [500, 1000, 1500]}}"}
{"op_code":5,"worker_id":"5551f59b-00a1-4024-a392-6aad34be5ec8-8371493056","trial_id":26,"param_name":"connectivity","param_value_internal":0,"distribution":"{\"name\": \"CategoricalDistribution\", \"attributes\": {\"choices\": [0.05, 0.1]}}"}
{"op_code":5,"worker_id":"5551f59b-00a1-4024-a392-6aad34be5ec8-8371493056","trial_id":26,"param_name":"sr","param_value_internal":1.0,"distribution":"{\"name\": \"FloatDistribution\", \"attributes\": {\"step\": 0.05, \"low\": 0.8, \"high\": 1.1, \"log\": false}}"}
{"op_code":5,"worker_id":"5551f59b-00a1-4024-a392-6aad34be5ec8-8371493056","trial_id":26,"param_name":"lr","param_value_internal":0.95,"distribution":"{\"name\": \"FloatDistribution\", \"attributes\": {\"step\": 0.05, \"low\": 0.1, \"high\": 0.95, \"log\": false}}"}
{"op_code":5,"worker_id":"5551f59b-00a1-4024-a392-6aad34be5ec8-8371493056","trial_id":26,"param_name":"input_scaling","param_value_internal":0.3,"distribution":"{\"name\": \"FloatDistribution\", \"attributes\": {\"step\": 0.1, \"low\": 0.3, \"high\": 1.2, \"log\": false}}"}
{"op_code":5,"worker_id":"5551f59b-00a1-4024-a392-6aad34be5ec8-8371493056","trial_id":26,"param_name":"tau","param_value_internal":4,"distribution":"{\"name\": \"CategoricalDistribution\", \"attributes\": {\"choices\": [2, 4, 8, 16, 32]}}"}
{"op_code":5,"worker_id":"5551f59b-00a1-4024-a392-6aad34be5ec8-8371493056","trial_id":26,"param_name":"L","param_value_internal":0,"distribution":"{\"name\": \"CategoricalDistribution\", \"attributes\": {\"choices\": [1, 2, 4]}}"}
{"op_code":5,"worker_id":"5551f59b-00a1-4024-a392-6aad34be5ec8-8371493056","trial_id":26,"param_name":"noise_sigma","param_value_internal":1,"distribution":"{\"name\": \"CategoricalDistribution\", \"attributes\": {\"choices\": [0.0, 0.005]}}"}
{"op_code":8,"worker_id":"5551f59b-00a1-4024-a392-6aad34be5ec8-8371493056","trial_id":26,"user_attr":{"best_ridge":1e-06}}
{"op_code":8,"worker_id":"5551f59b-00a1-4024-a392-6aad34be5ec8-8371493056","trial_id":26,"user_attr":{"best_nrmse_short":0.25080275963892906}}
{"op_code":8,"worker_id":"5551f59b-00a1-4024-a392-6aad34be5ec8-8371493056","trial_id":26,"user_attr":{"best_spike_pen":0.2823900404733384}}
{"op_code":8,"worker_id":"5551f59b-00a1-4024-a392-6aad34be5ec8-8371493056","trial_id":26,"user_attr":{"all_ridge_scores":{"1e-09":[1.3763117832378964,0.7835261350503158,1.1855712963751615],"1e-08":[1.2101601059164397,0.6284491668016599,1.1634218782295593],"1e-06":[0.39199777987559825,0.25080275963892906,0.2823900404733384],"0.0001":[1.0933902375695121,0.770908885330597,0.6449627044778301]}}}
{"op_code":6,"worker_id":"5551f59b-00a1-4024-a392-6aad34be5ec8-8371493056","trial_id":26,"state":1,"values":[0.39199777987559825],"datetime_complete":"2026-05-05T12:10:09.713881"}
{"op_code":4,"worker_id":"5551f59b-00a1-4024-a392-6aad34be5ec8-8371493056","study_id":0,"datetime_start":"2026-05-05T12:10:09.721187"}
{"op_code":5,"worker_id":"5551f59b-00a1-4024-a392-6aad34be5ec8-8371493056","trial_id":27,"param_name":"units","param_value_internal":1,"distribution":"{\"name\": \"CategoricalDistribution\", \"attributes\": {\"choices\": [500, 1000, 1500]}}"}
{"op_code":5,"worker_id":"5551f59b-00a1-4024-a392-6aad34be5ec8-8371493056","trial_id":27,"param_name":"connectivity","param_value_internal":1,"distribution":"{\"name\": \"CategoricalDistribution\", \"attributes\": {\"choices\": [0.05, 0.1]}}"}
{"op_code":5,"worker_id":"5551f59b-00a1-4024-a392-6aad34be5ec8-8371493056","trial_id":27,"param_name":"sr","param_value_internal":0.9500000000000001,"distribution":"{\"name\": \"FloatDistribution\", \"attributes\": {\"step\": 0.05, \"low\": 0.8, \"high\": 1.1, \"log\": false}}"}
{"op_code":5,"worker_id":"5551f59b-00a1-4024-a392-6aad34be5ec8-8371493056","trial_id":27,"param_name":"lr","param_value_internal":0.65,"distribution":"{\"name\": \"FloatDistribution\", \"attributes\": {\"step\": 0.05, \"low\": 0.1, \"high\": 0.95, \"log\": false}}"}
{"op_code":5,"worker_id":"5551f59b-00a1-4024-a392-6aad34be5ec8-8371493056","trial_id":27,"param_name":"input_scaling","param_value_internal":0.6000000000000001,"distribution":"{\"name\": \"FloatDistribution\", \"attributes\": {\"step\": 0.1, \"low\": 0.3, \"high\": 1.2, \"log\": false}}"}
{"op_code":5,"worker_id":"5551f59b-00a1-4024-a392-6aad34be5ec8-8371493056","trial_id":27,"param_name":"tau","param_value_internal":2,"distribution":"{\"name\": \"CategoricalDistribution\", \"attributes\": {\"choices\": [2, 4, 8, 16, 32]}}"}
{"op_code":5,"worker_id":"5551f59b-00a1-4024-a392-6aad34be5ec8-8371493056","trial_id":27,"param_name":"L","param_value_internal":0,"distribution":"{\"name\": \"CategoricalDistribution\", \"attributes\": {\"choices\": [1, 2, 4]}}"}
{"op_code":5,"worker_id":"5551f59b-00a1-4024-a392-6aad34be5ec8-8371493056","trial_id":27,"param_name":"noise_sigma","param_value_internal":1,"distribution":"{\"name\": \"CategoricalDistribution\", \"attributes\": {\"choices\": [0.0, 0.005]}}"}
{"op_code":8,"worker_id":"5551f59b-00a1-4024-a392-6aad34be5ec8-8371493056","trial_id":27,"user_attr":{"best_ridge":1e-08}}
{"op_code":8,"worker_id":"5551f59b-00a1-4024-a392-6aad34be5ec8-8371493056","trial_id":27,"user_attr":{"best_nrmse_short":0.022432321238408524}}
{"op_code":8,"worker_id":"5551f59b-00a1-4024-a392-6aad34be5ec8-8371493056","trial_id":27,"user_attr":{"best_spike_pen":0.059336703482830315}}
{"op_code":8,"worker_id":"5551f59b-00a1-4024-a392-6aad34be5ec8-8371493056","trial_id":27,"user_attr":{"all_ridge_scores":{"1e-09":[0.0546776712482382,0.021210594453901183,0.06693415358867404],"1e-08":[0.05210067297982368,0.022432321238408524,0.059336703482830315],"1e-06":[0.11766803831921317,0.059060515626410744,0.11721504538560486],"0.0001":[0.6877818231801315,0.17185852700220727,1.0318465923558484]}}}
{"op_code":6,"worker_id":"5551f59b-00a1-4024-a392-6aad34be5ec8-8371493056","trial_id":27,"state":1,"values":[0.05210067297982368],"datetime_complete":"2026-05-05T12:10:15.995410"}
{"op_code":4,"worker_id":"5551f59b-00a1-4024-a392-6aad34be5ec8-8371493056","study_id":0,"datetime_start":"2026-05-05T12:10:15.998678"}
{"op_code":5,"worker_id":"5551f59b-00a1-4024-a392-6aad34be5ec8-8371493056","trial_id":28,"param_name":"units","param_value_internal":1,"distribution":"{\"name\": \"CategoricalDistribution\", \"attributes\": {\"choices\": [500, 1000, 1500]}}"}
{"op_code":5,"worker_id":"5551f59b-00a1-4024-a392-6aad34be5ec8-8371493056","trial_id":28,"param_name":"connectivity","param_value_internal":1,"distribution":"{\"name\": \"CategoricalDistribution\", \"attributes\": {\"choices\": [0.05, 0.1]}}"}
{"op_code":5,"worker_id":"5551f59b-00a1-4024-a392-6aad34be5ec8-8371493056","trial_id":28,"param_name":"sr","param_value_internal":0.9500000000000001,"distribution":"{\"name\": \"FloatDistribution\", \"attributes\": {\"step\": 0.05, \"low\": 0.8, \"high\": 1.1, \"log\": false}}"}
{"op_code":5,"worker_id":"5551f59b-00a1-4024-a392-6aad34be5ec8-8371493056","trial_id":28,"param_name":"lr","param_value_internal":0.8,"distribution":"{\"name\": \"FloatDistribution\", \"attributes\": {\"step\": 0.05, \"low\": 0.1, \"high\": 0.95, \"log\": false}}"}
{"op_code":5,"worker_id":"5551f59b-00a1-4024-a392-6aad34be5ec8-8371493056","trial_id":28,"param_name":"input_scaling","param_value_internal":0.3,"distribution":"{\"name\": \"FloatDistribution\", \"attributes\": {\"step\": 0.1, \"low\": 0.3, \"high\": 1.2, \"log\": false}}"}
{"op_code":5,"worker_id":"5551f59b-00a1-4024-a392-6aad34be5ec8-8371493056","trial_id":28,"param_name":"tau","param_value_internal":3,"distribution":"{\"name\": \"CategoricalDistribution\", \"attributes\": {\"choices\": [2, 4, 8, 16, 32]}}"}
{"op_code":5,"worker_id":"5551f59b-00a1-4024-a392-6aad34be5ec8-8371493056","trial_id":28,"param_name":"L","param_value_internal":0,"distribution":"{\"name\": \"CategoricalDistribution\", \"attributes\": {\"choices\": [1, 2, 4]}}"}
{"op_code":5,"worker_id":"5551f59b-00a1-4024-a392-6aad34be5ec8-8371493056","trial_id":28,"param_name":"noise_sigma","param_value_internal":1,"distribution":"{\"name\": \"CategoricalDistribution\", \"attributes\": {\"choices\": [0.0, 0.005]}}"}
{"op_code":8,"worker_id":"5551f59b-00a1-4024-a392-6aad34be5ec8-8371493056","trial_id":28,"user_attr":{"best_ridge":1e-09}}
{"op_code":8,"worker_id":"5551f59b-00a1-4024-a392-6aad34be5ec8-8371493056","trial_id":28,"user_attr":{"best_nrmse_short":0.09846756540870902}}
{"op_code":8,"worker_id":"5551f59b-00a1-4024-a392-6aad34be5ec8-8371493056","trial_id":28,"user_attr":{"best_spike_pen":1.1626794875957698}}
{"op_code":8,"worker_id":"5551f59b-00a1-4024-a392-6aad34be5ec8-8371493056","trial_id":28,"user_attr":{"all_ridge_scores":{"1e-09":[0.6798073092065939,0.09846756540870902,1.1626794875957698],"1e-08":[0.8276076169780446,0.24964274082117105,1.1559297523137473],"1e-06":[1.0141722099396813,0.23690124684672392,1.5545419261859148],"0.0001":[1.080381915620319,0.7735565402838569,0.6136507506729241]}}}
{"op_code":6,"worker_id":"5551f59b-00a1-4024-a392-6aad34be5ec8-8371493056","trial_id":28,"state":1,"values":[0.6798073092065939],"datetime_complete":"2026-05-05T12:10:21.997112"}
{"op_code":4,"worker_id":"5551f59b-00a1-4024-a392-6aad34be5ec8-8371493056","study_id":0,"datetime_start":"2026-05-05T12:10:22.000518"}
{"op_code":5,"worker_id":"5551f59b-00a1-4024-a392-6aad34be5ec8-8371493056","trial_id":29,"param_name":"units","param_value_internal":1,"distribution":"{\"name\": \"CategoricalDistribution\", \"attributes\": {\"choices\": [500, 1000, 1500]}}"}
{"op_code":5,"worker_id":"5551f59b-00a1-4024-a392-6aad34be5ec8-8371493056","trial_id":29,"param_name":"connectivity","param_value_internal":1,"distribution":"{\"name\": \"CategoricalDistribution\", \"attributes\": {\"choices\": [0.05, 0.1]}}"}
{"op_code":5,"worker_id":"5551f59b-00a1-4024-a392-6aad34be5ec8-8371493056","trial_id":29,"param_name":"sr","param_value_internal":0.9,"distribution":"{\"name\": \"FloatDistribution\", \"attributes\": {\"step\": 0.05, \"low\": 0.8, \"high\": 1.1, \"log\": false}}"}
{"op_code":5,"worker_id":"5551f59b-00a1-4024-a392-6aad34be5ec8-8371493056","trial_id":29,"param_name":"lr","param_value_internal":0.5,"distribution":"{\"name\": \"FloatDistribution\", \"attributes\": {\"step\": 0.05, \"low\": 0.1, \"high\": 0.95, \"log\": false}}"}
{"op_code":5,"worker_id":"5551f59b-00a1-4024-a392-6aad34be5ec8-8371493056","trial_id":29,"param_name":"input_scaling","param_value_internal":1.1,"distribution":"{\"name\": \"FloatDistribution\", \"attributes\": {\"step\": 0.1, \"low\": 0.3, \"high\": 1.2, \"log\": false}}"}
{"op_code":5,"worker_id":"5551f59b-00a1-4024-a392-6aad34be5ec8-8371493056","trial_id":29,"param_name":"tau","param_value_internal":3,"distribution":"{\"name\": \"CategoricalDistribution\", \"attributes\": {\"choices\": [2, 4, 8, 16, 32]}}"}
{"op_code":5,"worker_id":"5551f59b-00a1-4024-a392-6aad34be5ec8-8371493056","trial_id":29,"param_name":"L","param_value_internal":0,"distribution":"{\"name\": \"CategoricalDistribution\", \"attributes\": {\"choices\": [1, 2, 4]}}"}
{"op_code":5,"worker_id":"5551f59b-00a1-4024-a392-6aad34be5ec8-8371493056","trial_id":29,"param_name":"noise_sigma","param_value_internal":0,"distribution":"{\"name\": \"CategoricalDistribution\", \"attributes\": {\"choices\": [0.0, 0.005]}}"}
{"op_code":8,"worker_id":"5551f59b-00a1-4024-a392-6aad34be5ec8-8371493056","trial_id":29,"user_attr":{"best_ridge":1e-08}}
{"op_code":8,"worker_id":"5551f59b-00a1-4024-a392-6aad34be5ec8-8371493056","trial_id":29,"user_attr":{"best_nrmse_short":0.022614506209635954}}
{"op_code":8,"worker_id":"5551f59b-00a1-4024-a392-6aad34be5ec8-8371493056","trial_id":29,"user_attr":{"best_spike_pen":0.03923580772074759}}
{"op_code":8,"worker_id":"5551f59b-00a1-4024-a392-6aad34be5ec8-8371493056","trial_id":29,"user_attr":{"all_ridge_scores":{"1e-09":[1782.546290392274,1781.4159519673003,2.2606768499474903],"1e-08":[0.04223241007000975,0.022614506209635954,0.03923580772074759],"1e-06":[0.04782022666177139,0.014065086147300017,0.06751028102894274],"0.0001":[0.05636602433249666,0.033568464816347524,0.04559511903229827]}}}
{"op_code":6,"worker_id":"5551f59b-00a1-4024-a392-6aad34be5ec8-8371493056","trial_id":29,"state":1,"values":[0.04223241007000975],"datetime_complete":"2026-05-05T12:10:27.100223"}
{"op_code":4,"worker_id":"5551f59b-00a1-4024-a392-6aad34be5ec8-8371493056","study_id":0,"datetime_start":"2026-05-05T12:10:27.102876"}
{"op_code":5,"worker_id":"5551f59b-00a1-4024-a392-6aad34be5ec8-8371493056","trial_id":30,"param_name":"units","param_value_internal":1,"distribution":"{\"name\": \"CategoricalDistribution\", \"attributes\": {\"choices\": [500, 1000, 1500]}}"}
{"op_code":5,"worker_id":"5551f59b-00a1-4024-a392-6aad34be5ec8-8371493056","trial_id":30,"param_name":"connectivity","param_value_internal":0,"distribution":"{\"name\": \"CategoricalDistribution\", \"attributes\": {\"choices\": [0.05, 0.1]}}"}
{"op_code":5,"worker_id":"5551f59b-00a1-4024-a392-6aad34be5ec8-8371493056","trial_id":30,"param_name":"sr","param_value_internal":1.05,"distribution":"{\"name\": \"FloatDistribution\", \"attributes\": {\"step\": 0.05, \"low\": 0.8, \"high\": 1.1, \"log\": false}}"}
{"op_code":5,"worker_id":"5551f59b-00a1-4024-a392-6aad34be5ec8-8371493056","trial_id":30,"param_name":"lr","param_value_internal":0.30000000000000004,"distribution":"{\"name\": \"FloatDistribution\", \"attributes\": {\"step\": 0.05, \"low\": 0.1, \"high\": 0.95, \"log\": false}}"}
{"op_code":5,"worker_id":"5551f59b-00a1-4024-a392-6aad34be5ec8-8371493056","trial_id":30,"param_name":"input_scaling","param_value_internal":0.5,"distribution":"{\"name\": \"FloatDistribution\", \"attributes\": {\"step\": 0.1, \"low\": 0.3, \"high\": 1.2, \"log\": false}}"}
{"op_code":5,"worker_id":"5551f59b-00a1-4024-a392-6aad34be5ec8-8371493056","trial_id":30,"param_name":"tau","param_value_internal":3,"distribution":"{\"name\": \"CategoricalDistribution\", \"attributes\": {\"choices\": [2, 4, 8, 16, 32]}}"}
{"op_code":5,"worker_id":"5551f59b-00a1-4024-a392-6aad34be5ec8-8371493056","trial_id":30,"param_name":"L","param_value_internal":0,"distribution":"{\"name\": \"CategoricalDistribution\", \"attributes\": {\"choices\": [1, 2, 4]}}"}
{"op_code":5,"worker_id":"5551f59b-00a1-4024-a392-6aad34be5ec8-8371493056","trial_id":30,"param_name":"noise_sigma","param_value_internal":0,"distribution":"{\"name\": \"CategoricalDistribution\", \"attributes\": {\"choices\": [0.0, 0.005]}}"}
{"op_code":8,"worker_id":"5551f59b-00a1-4024-a392-6aad34be5ec8-8371493056","trial_id":30,"user_attr":{"best_ridge":0.0001}}
{"op_code":8,"worker_id":"5551f59b-00a1-4024-a392-6aad34be5ec8-8371493056","trial_id":30,"user_attr":{"best_nrmse_short":0.10868622106909462}}
{"op_code":8,"worker_id":"5551f59b-00a1-4024-a392-6aad34be5ec8-8371493056","trial_id":30,"user_attr":{"best_spike_pen":0.7866945983332514}}
{"op_code":8,"worker_id":"5551f59b-00a1-4024-a392-6aad34be5ec8-8371493056","trial_id":30,"user_attr":{"all_ridge_scores":{"1e-09":[7435.362674851833,7434.826707023339,1.0719356569863783],"1e-08":[6631.867990073997,6631.265752658953,1.2044748300899504],"1e-06":[2512.2773380952394,2510.6236566951884,3.30736280010188],"0.0001":[0.5020335202357203,0.10868622106909462,0.7866945983332514]}}}
{"op_code":6,"worker_id":"5551f59b-00a1-4024-a392-6aad34be5ec8-8371493056","trial_id":30,"state":1,"values":[0.5020335202357203],"datetime_complete":"2026-05-05T12:10:30.583541"}
{"op_code":4,"worker_id":"5551f59b-00a1-4024-a392-6aad34be5ec8-8371493056","study_id":0,"datetime_start":"2026-05-05T12:10:30.586179"}
{"op_code":5,"worker_id":"5551f59b-00a1-4024-a392-6aad34be5ec8-8371493056","trial_id":31,"param_name":"units","param_value_internal":0,"distribution":"{\"name\": \"CategoricalDistribution\", \"attributes\": {\"choices\": [500, 1000, 1500]}}"}
{"op_code":5,"worker_id":"5551f59b-00a1-4024-a392-6aad34be5ec8-8371493056","trial_id":31,"param_name":"connectivity","param_value_internal":1,"distribution":"{\"name\": \"CategoricalDistribution\", \"attributes\": {\"choices\": [0.05, 0.1]}}"}
{"op_code":5,"worker_id":"5551f59b-00a1-4024-a392-6aad34be5ec8-8371493056","trial_id":31,"param_name":"sr","param_value_internal":0.9,"distribution":"{\"name\": \"FloatDistribution\", \"attributes\": {\"step\": 0.05, \"low\": 0.8, \"high\": 1.1, \"log\": false}}"}
{"op_code":5,"worker_id":"5551f59b-00a1-4024-a392-6aad34be5ec8-8371493056","trial_id":31,"param_name":"lr","param_value_internal":0.8,"distribution":"{\"name\": \"FloatDistribution\", \"attributes\": {\"step\": 0.05, \"low\": 0.1, \"high\": 0.95, \"log\": false}}"}
{"op_code":5,"worker_id":"5551f59b-00a1-4024-a392-6aad34be5ec8-8371493056","trial_id":31,"param_name":"input_scaling","param_value_internal":0.6000000000000001,"distribution":"{\"name\": \"FloatDistribution\", \"attributes\": {\"step\": 0.1, \"low\": 0.3, \"high\": 1.2, \"log\": false}}"}
{"op_code":5,"worker_id":"5551f59b-00a1-4024-a392-6aad34be5ec8-8371493056","trial_id":31,"param_name":"tau","param_value_internal":2,"distribution":"{\"name\": \"CategoricalDistribution\", \"attributes\": {\"choices\": [2, 4, 8, 16, 32]}}"}
{"op_code":5,"worker_id":"5551f59b-00a1-4024-a392-6aad34be5ec8-8371493056","trial_id":31,"param_name":"L","param_value_internal":1,"distribution":"{\"name\": \"CategoricalDistribution\", \"attributes\": {\"choices\": [1, 2, 4]}}"}
{"op_code":5,"worker_id":"5551f59b-00a1-4024-a392-6aad34be5ec8-8371493056","trial_id":31,"param_name":"noise_sigma","param_value_internal":1,"distribution":"{\"name\": \"CategoricalDistribution\", \"attributes\": {\"choices\": [0.0, 0.005]}}"}
{"op_code":8,"worker_id":"5551f59b-00a1-4024-a392-6aad34be5ec8-8371493056","trial_id":31,"user_attr":{"best_ridge":1e-09}}
{"op_code":8,"worker_id":"5551f59b-00a1-4024-a392-6aad34be5ec8-8371493056","trial_id":31,"user_attr":{"best_nrmse_short":0.042771349822181164}}
{"op_code":8,"worker_id":"5551f59b-00a1-4024-a392-6aad34be5ec8-8371493056","trial_id":31,"user_attr":{"best_spike_pen":0.021483017941721652}}
{"op_code":8,"worker_id":"5551f59b-00a1-4024-a392-6aad34be5ec8-8371493056","trial_id":31,"user_attr":{"all_ridge_scores":{"1e-09":[0.05351285879304199,0.042771349822181164,0.021483017941721652],"1e-08":[0.0891883268549982,0.06818833325181357,0.04199998720636923],"1e-06":[0.15731692325580418,0.12346576400425342,0.06770231850310152],"0.0001":[0.9462234557473327,0.5719834734954803,0.7484799645037049]}}}
{"op_code":6,"worker_id":"5551f59b-00a1-4024-a392-6aad34be5ec8-8371493056","trial_id":31,"state":1,"values":[0.05351285879304199],"datetime_complete":"2026-05-05T12:10:32.545515"}
